[2020-05-03T00:02:23.342425+00:00] flutterwave/rave.NOTICE: Generating Reference Number.... [] []
[2020-05-03T00:02:23.355676+00:00] flutterwave/rave.NOTICE: Generated Reference Number....Ogunsola_5eae0a0f56d20 [] []
[2020-05-03T00:02:23.356191+00:00] flutterwave/rave.NOTICE: Rave Class Initializes.... [] []
[2020-05-03T00:02:23.474504+00:00] flutterwave/rave.NOTICE: Generating Checksum.... [] []
[2020-05-03T00:03:27.275953+00:00] flutterwave/rave.NOTICE: Generating Reference Number.... [] []
[2020-05-03T00:03:27.288161+00:00] flutterwave/rave.NOTICE: Generated Reference Number....Ogunsola_5eae0a4f463bb [] []
[2020-05-03T00:03:27.289553+00:00] flutterwave/rave.NOTICE: Rave Class Initializes.... [] []
[2020-05-03T00:03:27.341782+00:00] flutterwave/rave.NOTICE: Payment completed. Now requerying payment. [] []
[2020-05-03T00:03:27.342048+00:00] flutterwave/rave.NOTICE: Requerying Transaction....Ogunsola_5eae0a0f56d20 [] []
[2020-05-03T00:03:30.354187+00:00] flutterwave/rave.NOTICE: Requeryed a successful transaction....{"txid":1258659,"txref":"Ogunsola_5eae0a0f56d20","flwref":"FLW-MOCK-44cf33aded54bc1e953e66f686095c4c","devicefingerprint":"dee75a039b0174fdd0a2f040479af55b","cycle":"one-time","amount":10,"currency":"NGN","chargedamount":10,"appfee":0.28,"merchantfee":0,"merchantbearsfee":1,"chargecode":"00","chargemessage":"Please enter the OTP sent to your mobile number 080****** and email te**@rave**.com","authmodel":"PIN","ip":"41.58.89.208","narration":"CARD Transaction ","status":"successful","vbvcode":"00","vbvmessage":"successful","authurl":"N\/A","acctcode":null,"acctmessage":null,"paymenttype":"card","paymentid":"1394","fraudstatus":"ok","chargetype":"normal","createdday":0,"createddayname":"SUNDAY","createdweek":18,"createdmonth":4,"createdmonthname":"MAY","createdquarter":2,"createdyear":2020,"createdyearisleap":true,"createddayispublicholiday":0,"createdhour":0,"createdminute":3,"createdpmam":"am","created":"2020-05-03T00:03:15.000Z","customerid":372169,"custphone":null,"custnetworkprovider":"N\/A","custname":"First Patient","custemail":"firstpatient@gmail.com","custemailprovider":"GMAIL","custcreated":"2020-05-03T00:03:14.000Z","accountid":107388,"acctbusinessname":"ogunsola","acctcontactperson":"USMAN ADEBAYO OGUNSOLA","acctcountry":"NG","acctbearsfeeattransactiontime":1,"acctparent":2410,"acctvpcmerchant":"N\/A","acctalias":null,"acctisliveapproved":0,"orderref":"URF_1588464195741_8682935","paymentplan":null,"paymentpage":null,"raveref":"RV3158846419427097EC922BF3","amountsettledforthistransaction":9.72} [] []
[2020-05-03T11:43:55.312915+00:00] flutterwave/rave.NOTICE: Generating Reference Number.... [] []
[2020-05-03T11:43:55.604309+00:00] flutterwave/rave.NOTICE: Generated Reference Number....Ogunsola_5eaeae7b9387c [] []
[2020-05-03T11:43:55.604410+00:00] flutterwave/rave.NOTICE: Rave Class Initializes.... [] []
[2020-05-03T11:43:55.633000+00:00] flutterwave/rave.NOTICE: Generating Checksum.... [] []
[2020-05-03T11:45:13.330207+00:00] flutterwave/rave.NOTICE: Generating Reference Number.... [] []
[2020-05-03T11:45:13.333587+00:00] flutterwave/rave.NOTICE: Generated Reference Number....Ogunsola_5eaeaec9516fa [] []
[2020-05-03T11:45:13.333683+00:00] flutterwave/rave.NOTICE: Rave Class Initializes.... [] []
[2020-05-03T11:45:13.358786+00:00] flutterwave/rave.NOTICE: Payment completed. Now requerying payment. [] []
[2020-05-03T11:45:13.358972+00:00] flutterwave/rave.NOTICE: Requerying Transaction....Ogunsola_5eaeae7b9387c [] []
[2020-05-03T11:45:16.705218+00:00] flutterwave/rave.NOTICE: Requeryed a successful transaction....{"txid":1259449,"txref":"Ogunsola_5eaeae7b9387c","flwref":"FLW-MOCK-c0de09750c38afc1ef661528cf5f4416","devicefingerprint":"dee75a039b0174fdd0a2f040479af55b","cycle":"one-time","amount":10,"currency":"NGN","chargedamount":10,"appfee":0.28,"merchantfee":0,"merchantbearsfee":1,"chargecode":"00","chargemessage":"Please enter the OTP sent to your mobile number 080****** and email te**@rave**.com","authmodel":"PIN","ip":"41.58.207.108","narration":"CARD Transaction ","status":"successful","vbvcode":"00","vbvmessage":"successful","authurl":"N\/A","acctcode":null,"acctmessage":null,"paymenttype":"card","paymentid":"1394","fraudstatus":"ok","chargetype":"normal","createdday":0,"createddayname":"SUNDAY","createdweek":18,"createdmonth":4,"createdmonthname":"MAY","createdquarter":2,"createdyear":2020,"createdyearisleap":true,"createddayispublicholiday":0,"createdhour":11,"createdminute":44,"createdpmam":"am","created":"2020-05-03T11:44:54.000Z","customerid":372327,"custphone":null,"custnetworkprovider":"N\/A","custname":"First Patient","custemail":"firstpatient@gmail.com","custemailprovider":"GMAIL","custcreated":"2020-05-03T11:44:54.000Z","accountid":107388,"acctbusinessname":"ogunsola","acctcontactperson":"USMAN ADEBAYO OGUNSOLA","acctcountry":"NG","acctbearsfeeattransactiontime":1,"acctparent":2410,"acctvpcmerchant":"N\/A","acctalias":null,"acctisliveapproved":0,"orderref":"URF_1588506294763_8031135","paymentplan":null,"paymentpage":null,"raveref":"RV31588506293603D7F6645313","amountsettledforthistransaction":9.72} [] []
[2020-05-03T12:04:14.872647+00:00] flutterwave/rave.NOTICE: Generating Reference Number.... [] []
[2020-05-03T12:04:15.020496+00:00] flutterwave/rave.NOTICE: Generated Reference Number....Ogunsola_5eaeb33f04ff9 [] []
[2020-05-03T12:04:15.020581+00:00] flutterwave/rave.NOTICE: Rave Class Initializes.... [] []
[2020-05-03T12:04:15.052575+00:00] flutterwave/rave.NOTICE: Generating Checksum.... [] []
[2020-05-03T12:05:14.271352+00:00] flutterwave/rave.NOTICE: Generating Reference Number.... [] []
[2020-05-03T12:05:14.274419+00:00] flutterwave/rave.NOTICE: Generated Reference Number....Ogunsola_5eaeb37a42fe1 [] []
[2020-05-03T12:05:14.274500+00:00] flutterwave/rave.NOTICE: Rave Class Initializes.... [] []
[2020-05-03T12:05:14.295330+00:00] flutterwave/rave.NOTICE: Payment completed. Now requerying payment. [] []
[2020-05-03T12:05:14.295451+00:00] flutterwave/rave.NOTICE: Requerying Transaction....Ogunsola_5eaeb33f04ff9 [] []
[2020-05-03T12:05:15.839094+00:00] flutterwave/rave.NOTICE: Requeryed a successful transaction....{"txid":1259479,"txref":"Ogunsola_5eaeb33f04ff9","flwref":"FLW-MOCK-41e59153193fc19c98c4d846a9007ea2","devicefingerprint":"dee75a039b0174fdd0a2f040479af55b","cycle":"one-time","amount":10,"currency":"NGN","chargedamount":10,"appfee":0.28,"merchantfee":0,"merchantbearsfee":1,"chargecode":"00","chargemessage":"Please enter the OTP sent to your mobile number 080****** and email te**@rave**.com","authmodel":"PIN","ip":"41.58.207.108","narration":"CARD Transaction ","status":"successful","vbvcode":"00","vbvmessage":"successful","authurl":"N\/A","acctcode":null,"acctmessage":null,"paymenttype":"card","paymentid":"1394","fraudstatus":"ok","chargetype":"normal","createdday":0,"createddayname":"SUNDAY","createdweek":18,"createdmonth":4,"createdmonthname":"MAY","createdquarter":2,"createdyear":2020,"createdyearisleap":true,"createddayispublicholiday":0,"createdhour":12,"createdminute":5,"createdpmam":"pm","created":"2020-05-03T12:05:02.000Z","customerid":372339,"custphone":null,"custnetworkprovider":"N\/A","custname":"First Patient","custemail":"firstpatient@gmail.com","custemailprovider":"GMAIL","custcreated":"2020-05-03T12:05:02.000Z","accountid":107388,"acctbusinessname":"ogunsola","acctcontactperson":"USMAN ADEBAYO OGUNSOLA","acctcountry":"NG","acctbearsfeeattransactiontime":1,"acctparent":2410,"acctvpcmerchant":"N\/A","acctalias":null,"acctisliveapproved":0,"orderref":"URF_1588507502934_3734335","paymentplan":null,"paymentpage":null,"raveref":"RV31588507501632E75579562B","amountsettledforthistransaction":9.72} [] []
[2020-05-03T12:08:09.877062+00:00] flutterwave/rave.NOTICE: Generating Reference Number.... [] []
[2020-05-03T12:08:09.882606+00:00] flutterwave/rave.NOTICE: Generated Reference Number....Ogunsola_5eaeb429d778b [] []
[2020-05-03T12:08:09.882755+00:00] flutterwave/rave.NOTICE: Rave Class Initializes.... [] []
[2020-05-03T12:08:09.912685+00:00] flutterwave/rave.NOTICE: Generating Checksum.... [] []
[2020-05-03T12:09:04.108181+00:00] flutterwave/rave.NOTICE: Generating Reference Number.... [] []
[2020-05-03T12:09:04.112426+00:00] flutterwave/rave.NOTICE: Generated Reference Number....Ogunsola_5eaeb4601b712 [] []
[2020-05-03T12:09:04.112530+00:00] flutterwave/rave.NOTICE: Rave Class Initializes.... [] []
[2020-05-03T12:09:04.133481+00:00] flutterwave/rave.NOTICE: Payment completed. Now requerying payment. [] []
[2020-05-03T12:09:04.133698+00:00] flutterwave/rave.NOTICE: Requerying Transaction....Ogunsola_5eaeb429d778b [] []
[2020-05-03T12:09:05.323697+00:00] flutterwave/rave.NOTICE: Requeryed a successful transaction....{"txid":1259487,"txref":"Ogunsola_5eaeb429d778b","flwref":"FLW-MOCK-53235c5bb6abebe9c6dea276cf157a03","devicefingerprint":"dee75a039b0174fdd0a2f040479af55b","cycle":"one-time","amount":10,"currency":"NGN","chargedamount":10,"appfee":0.28,"merchantfee":0,"merchantbearsfee":1,"chargecode":"00","chargemessage":"Please enter the OTP sent to your mobile number 080****** and email te**@rave**.com","authmodel":"PIN","ip":"41.58.207.108","narration":"CARD Transaction ","status":"successful","vbvcode":"00","vbvmessage":"successful","authurl":"N\/A","acctcode":null,"acctmessage":null,"paymenttype":"card","paymentid":"1394","fraudstatus":"ok","chargetype":"normal","createdday":0,"createddayname":"SUNDAY","createdweek":18,"createdmonth":4,"createdmonthname":"MAY","createdquarter":2,"createdyear":2020,"createdyearisleap":true,"createddayispublicholiday":0,"createdhour":12,"createdminute":8,"createdpmam":"pm","created":"2020-05-03T12:08:54.000Z","customerid":372342,"custphone":null,"custnetworkprovider":"N\/A","custname":"First Patient","custemail":"firstpatient@gmail.com","custemailprovider":"GMAIL","custcreated":"2020-05-03T12:08:54.000Z","accountid":107388,"acctbusinessname":"ogunsola","acctcontactperson":"USMAN ADEBAYO OGUNSOLA","acctcountry":"NG","acctbearsfeeattransactiontime":1,"acctparent":2410,"acctvpcmerchant":"N\/A","acctalias":null,"acctisliveapproved":0,"orderref":"URF_1588507734583_8759335","paymentplan":null,"paymentpage":null,"raveref":"RV315885077335177DA2B5B817","amountsettledforthistransaction":9.72} [] []
[2020-05-03T12:26:43.803075+00:00] flutterwave/rave.NOTICE: Generating Reference Number.... [] []
[2020-05-03T12:26:43.806891+00:00] flutterwave/rave.NOTICE: Generated Reference Number....Ogunsola_5eaeb883c4fd6 [] []
[2020-05-03T12:26:43.806975+00:00] flutterwave/rave.NOTICE: Rave Class Initializes.... [] []
[2020-05-03T12:26:43.842623+00:00] flutterwave/rave.NOTICE: Generating Checksum.... [] []
[2020-05-03T12:27:28.688498+00:00] flutterwave/rave.NOTICE: Generating Reference Number.... [] []
[2020-05-03T12:27:28.691635+00:00] flutterwave/rave.NOTICE: Generated Reference Number....Ogunsola_5eaeb8b0a8d9f [] []
[2020-05-03T12:27:28.691726+00:00] flutterwave/rave.NOTICE: Rave Class Initializes.... [] []
[2020-05-03T12:27:28.714025+00:00] flutterwave/rave.NOTICE: Payment completed. Now requerying payment. [] []
[2020-05-03T12:27:28.714216+00:00] flutterwave/rave.NOTICE: Requerying Transaction....Ogunsola_5eaeb883c4fd6 [] []
[2020-05-03T12:27:30.102566+00:00] flutterwave/rave.NOTICE: Requeryed a successful transaction....{"txid":1259512,"txref":"Ogunsola_5eaeb883c4fd6","flwref":"FLW-MOCK-8b2b37829d8f2cea8e54b9bcd0b8a959","devicefingerprint":"dee75a039b0174fdd0a2f040479af55b","cycle":"one-time","amount":10,"currency":"NGN","chargedamount":10,"appfee":0.28,"merchantfee":0,"merchantbearsfee":1,"chargecode":"00","chargemessage":"Please enter the OTP sent to your mobile number 080****** and email te**@rave**.com","authmodel":"PIN","ip":"41.58.207.108","narration":"CARD Transaction ","status":"successful","vbvcode":"00","vbvmessage":"successful","authurl":"N\/A","acctcode":null,"acctmessage":null,"paymenttype":"card","paymentid":"1394","fraudstatus":"ok","chargetype":"normal","createdday":0,"createddayname":"SUNDAY","createdweek":18,"createdmonth":4,"createdmonthname":"MAY","createdquarter":2,"createdyear":2020,"createdyearisleap":true,"createddayispublicholiday":0,"createdhour":12,"createdminute":27,"createdpmam":"pm","created":"2020-05-03T12:27:10.000Z","customerid":372349,"custphone":null,"custnetworkprovider":"N\/A","custname":"First Patient","custemail":"firstpatient@gmail.com","custemailprovider":"GMAIL","custcreated":"2020-05-03T12:27:09.000Z","accountid":107388,"acctbusinessname":"ogunsola","acctcontactperson":"USMAN ADEBAYO OGUNSOLA","acctcountry":"NG","acctbearsfeeattransactiontime":1,"acctparent":2410,"acctvpcmerchant":"N\/A","acctalias":null,"acctisliveapproved":0,"orderref":"URF_1588508830111_2220235","paymentplan":null,"paymentpage":null,"raveref":"RV315885088288848A3FAE2AFF","amountsettledforthistransaction":9.72} [] []
[2020-05-03T13:12:16.646470+00:00] flutterwave/rave.NOTICE: Generating Reference Number.... [] []
[2020-05-03T13:12:16.679401+00:00] flutterwave/rave.NOTICE: Generated Reference Number....Ogunsola_5eaec330a5dcc [] []
[2020-05-03T13:12:16.679539+00:00] flutterwave/rave.NOTICE: Rave Class Initializes.... [] []
[2020-05-03T13:15:54.927588+00:00] flutterwave/rave.NOTICE: Generating Reference Number.... [] []
[2020-05-03T13:15:54.931220+00:00] flutterwave/rave.NOTICE: Generated Reference Number....Ogunsola_5eaec40ae3581 [] []
[2020-05-03T13:15:54.931304+00:00] flutterwave/rave.NOTICE: Rave Class Initializes.... [] []
[2020-05-03T13:18:05.178699+00:00] flutterwave/rave.NOTICE: Generating Reference Number.... [] []
[2020-05-03T13:18:05.182582+00:00] flutterwave/rave.NOTICE: Generated Reference Number....Ogunsola_5eaec48d2c920 [] []
[2020-05-03T13:18:05.182666+00:00] flutterwave/rave.NOTICE: Rave Class Initializes.... [] []
[2020-05-03T13:18:05.213585+00:00] flutterwave/rave.NOTICE: Generating Checksum.... [] []
[2020-05-03T13:19:02.812227+00:00] flutterwave/rave.NOTICE: Generating Reference Number.... [] []
[2020-05-03T13:19:02.815246+00:00] flutterwave/rave.NOTICE: Generated Reference Number....Ogunsola_5eaec4c6c707c [] []
[2020-05-03T13:19:02.815326+00:00] flutterwave/rave.NOTICE: Rave Class Initializes.... [] []
[2020-05-03T13:19:02.837915+00:00] flutterwave/rave.NOTICE: Payment completed. Now requerying payment. [] []
[2020-05-03T13:19:02.838118+00:00] flutterwave/rave.NOTICE: Requerying Transaction....Ogunsola_5eaec48d2c920 [] []
[2020-05-03T13:19:04.225101+00:00] flutterwave/rave.NOTICE: Requeryed a successful transaction....{"txid":1259581,"txref":"Ogunsola_5eaec48d2c920","flwref":"FLW-MOCK-59e8d9a6d1a0cd0f7d64f2f0139eeda8","devicefingerprint":"dee75a039b0174fdd0a2f040479af55b","cycle":"one-time","amount":10,"currency":"NGN","chargedamount":10,"appfee":0.28,"merchantfee":0,"merchantbearsfee":1,"chargecode":"00","chargemessage":"Please enter the OTP sent to your mobile number 080****** and email te**@rave**.com","authmodel":"PIN","ip":"41.58.73.192","narration":"CARD Transaction ","status":"successful","vbvcode":"00","vbvmessage":"successful","authurl":"N\/A","acctcode":null,"acctmessage":null,"paymenttype":"card","paymentid":"1394","fraudstatus":"ok","chargetype":"normal","createdday":0,"createddayname":"SUNDAY","createdweek":18,"createdmonth":4,"createdmonthname":"MAY","createdquarter":2,"createdyear":2020,"createdyearisleap":true,"createddayispublicholiday":0,"createdhour":13,"createdminute":18,"createdpmam":"pm","created":"2020-05-03T13:18:46.000Z","customerid":372379,"custphone":null,"custnetworkprovider":"N\/A","custname":"First Patient","custemail":"firstpatient@gmail.com","custemailprovider":"GMAIL","custcreated":"2020-05-03T13:18:46.000Z","accountid":107388,"acctbusinessname":"ogunsola","acctcontactperson":"USMAN ADEBAYO OGUNSOLA","acctcountry":"NG","acctbearsfeeattransactiontime":1,"acctparent":2410,"acctvpcmerchant":"N\/A","acctalias":null,"acctisliveapproved":0,"orderref":"URF_1588511926989_2384635","paymentplan":null,"paymentpage":null,"raveref":"RV31588511925778C1753815AA","amountsettledforthistransaction":9.72} [] []
[2020-05-03T13:27:28.708949+00:00] flutterwave/rave.NOTICE: Generating Reference Number.... [] []
[2020-05-03T13:27:28.715003+00:00] flutterwave/rave.NOTICE: Generated Reference Number....Ogunsola_5eaec6c0ae8e4 [] []
[2020-05-03T13:27:28.715092+00:00] flutterwave/rave.NOTICE: Rave Class Initializes.... [] []
[2020-05-03T13:27:28.749880+00:00] flutterwave/rave.NOTICE: Generating Checksum.... [] []
[2020-05-03T13:28:30.887549+00:00] flutterwave/rave.NOTICE: Generating Reference Number.... [] []
[2020-05-03T13:28:30.890939+00:00] flutterwave/rave.NOTICE: Generated Reference Number....Ogunsola_5eaec6fed9824 [] []
[2020-05-03T13:28:30.891064+00:00] flutterwave/rave.NOTICE: Rave Class Initializes.... [] []
[2020-05-03T13:28:30.935755+00:00] flutterwave/rave.NOTICE: Generating Checksum.... [] []
[2020-05-03T13:29:25.816159+00:00] flutterwave/rave.NOTICE: Generating Reference Number.... [] []
[2020-05-03T13:29:25.819223+00:00] flutterwave/rave.NOTICE: Generated Reference Number....Ogunsola_5eaec735c8005 [] []
[2020-05-03T13:29:25.819303+00:00] flutterwave/rave.NOTICE: Rave Class Initializes.... [] []
[2020-05-03T13:29:25.840148+00:00] flutterwave/rave.NOTICE: Payment completed. Now requerying payment. [] []
[2020-05-03T13:29:25.840276+00:00] flutterwave/rave.NOTICE: Requerying Transaction....Ogunsola_5eaec6fed9824 [] []
[2020-05-03T13:29:27.311310+00:00] flutterwave/rave.NOTICE: Requeryed a successful transaction....{"txid":1259593,"txref":"Ogunsola_5eaec6fed9824","flwref":"FLW-MOCK-d2b19f6d6864a5739fde6a75fc854257","devicefingerprint":"dee75a039b0174fdd0a2f040479af55b","cycle":"one-time","amount":10,"currency":"NGN","chargedamount":10,"appfee":0.28,"merchantfee":0,"merchantbearsfee":1,"chargecode":"00","chargemessage":"Please enter the OTP sent to your mobile number 080****** and email te**@rave**.com","authmodel":"PIN","ip":"41.58.117.83","narration":"CARD Transaction ","status":"successful","vbvcode":"00","vbvmessage":"successful","authurl":"N\/A","acctcode":null,"acctmessage":null,"paymenttype":"card","paymentid":"1394","fraudstatus":"ok","chargetype":"normal","createdday":0,"createddayname":"SUNDAY","createdweek":18,"createdmonth":4,"createdmonthname":"MAY","createdquarter":2,"createdyear":2020,"createdyearisleap":true,"createddayispublicholiday":0,"createdhour":13,"createdminute":29,"createdpmam":"pm","created":"2020-05-03T13:29:15.000Z","customerid":372383,"custphone":null,"custnetworkprovider":"N\/A","custname":"First Patient","custemail":"firstpatient@gmail.com","custemailprovider":"GMAIL","custcreated":"2020-05-03T13:29:14.000Z","accountid":107388,"acctbusinessname":"ogunsola","acctcontactperson":"USMAN ADEBAYO OGUNSOLA","acctcountry":"NG","acctbearsfeeattransactiontime":1,"acctparent":2410,"acctvpcmerchant":"N\/A","acctalias":null,"acctisliveapproved":0,"orderref":"URF_1588512555393_6750735","paymentplan":null,"paymentpage":null,"raveref":"RV31588512554255E944CA8EDA","amountsettledforthistransaction":9.72} [] []
[2020-05-03T14:08:06.111058+00:00] flutterwave/rave.NOTICE: Generating Reference Number.... [] []
[2020-05-03T14:08:06.173329+00:00] flutterwave/rave.NOTICE: Generated Reference Number....Ogunsola_5eaed0462a4f7 [] []
[2020-05-03T14:08:06.173424+00:00] flutterwave/rave.NOTICE: Rave Class Initializes.... [] []
[2020-05-03T14:08:06.264401+00:00] flutterwave/rave.NOTICE: Generating Checksum.... [] []
[2020-05-03T14:09:16.287759+00:00] flutterwave/rave.NOTICE: Generating Reference Number.... [] []
[2020-05-03T14:09:16.293250+00:00] flutterwave/rave.NOTICE: Generated Reference Number....Ogunsola_5eaed08c4796a [] []
[2020-05-03T14:09:16.293374+00:00] flutterwave/rave.NOTICE: Rave Class Initializes.... [] []
[2020-05-03T14:09:16.313389+00:00] flutterwave/rave.NOTICE: Payment completed. Now requerying payment. [] []
[2020-05-03T14:09:16.313518+00:00] flutterwave/rave.NOTICE: Requerying Transaction....Ogunsola_5eaed0462a4f7 [] []
[2020-05-03T14:09:19.711843+00:00] flutterwave/rave.NOTICE: Requeryed a successful transaction....{"txid":1259646,"txref":"Ogunsola_5eaed0462a4f7","flwref":"FLW-MOCK-30b94b6bc147d01b64fbc37b7ed63516","devicefingerprint":"dee75a039b0174fdd0a2f040479af55b","cycle":"one-time","amount":10,"currency":"NGN","chargedamount":10,"appfee":0.28,"merchantfee":0,"merchantbearsfee":1,"chargecode":"00","chargemessage":"Please enter the OTP sent to your mobile number 080****** and email te**@rave**.com","authmodel":"PIN","ip":"41.58.117.83","narration":"CARD Transaction ","status":"successful","vbvcode":"00","vbvmessage":"successful","authurl":"N\/A","acctcode":null,"acctmessage":null,"paymenttype":"card","paymentid":"1394","fraudstatus":"ok","chargetype":"normal","createdday":0,"createddayname":"SUNDAY","createdweek":18,"createdmonth":4,"createdmonthname":"MAY","createdquarter":2,"createdyear":2020,"createdyearisleap":true,"createddayispublicholiday":0,"createdhour":14,"createdminute":9,"createdpmam":"pm","created":"2020-05-03T14:09:07.000Z","customerid":372407,"custphone":null,"custnetworkprovider":"N\/A","custname":"First Patient","custemail":"firstpatient@gmail.com","custemailprovider":"GMAIL","custcreated":"2020-05-03T14:09:06.000Z","accountid":107388,"acctbusinessname":"ogunsola","acctcontactperson":"USMAN ADEBAYO OGUNSOLA","acctcountry":"NG","acctbearsfeeattransactiontime":1,"acctparent":2410,"acctvpcmerchant":"N\/A","acctalias":null,"acctisliveapproved":0,"orderref":"URF_1588514947085_7815135","paymentplan":null,"paymentpage":null,"raveref":"RV31588514945801B32631B984","amountsettledforthistransaction":9.72} [] []
[2020-05-03T14:13:53.622449+00:00] flutterwave/rave.NOTICE: Generating Reference Number.... [] []
[2020-05-03T14:13:53.626098+00:00] flutterwave/rave.NOTICE: Generated Reference Number....Ogunsola_5eaed1a198da0 [] []
[2020-05-03T14:13:53.626178+00:00] flutterwave/rave.NOTICE: Rave Class Initializes.... [] []
[2020-05-03T14:13:53.659889+00:00] flutterwave/rave.NOTICE: Generating Checksum.... [] []
[2020-05-03T14:14:36.305736+00:00] flutterwave/rave.NOTICE: Generating Reference Number.... [] []
[2020-05-03T14:14:36.309328+00:00] flutterwave/rave.NOTICE: Generated Reference Number....Ogunsola_5eaed1cc4b831 [] []
[2020-05-03T14:14:36.309472+00:00] flutterwave/rave.NOTICE: Rave Class Initializes.... [] []
[2020-05-03T14:14:36.338421+00:00] flutterwave/rave.NOTICE: Payment completed. Now requerying payment. [] []
[2020-05-03T14:14:36.338552+00:00] flutterwave/rave.NOTICE: Requerying Transaction....Ogunsola_5eaed1a198da0 [] []
[2020-05-03T14:14:38.372609+00:00] flutterwave/rave.NOTICE: Requeryed a successful transaction....{"txid":1259655,"txref":"Ogunsola_5eaed1a198da0","flwref":"FLW-MOCK-e00e56d15fd76c0d509a978e8d09d45c","devicefingerprint":"dee75a039b0174fdd0a2f040479af55b","cycle":"one-time","amount":10,"currency":"NGN","chargedamount":10,"appfee":0.28,"merchantfee":0,"merchantbearsfee":1,"chargecode":"00","chargemessage":"Please enter the OTP sent to your mobile number 080****** and email te**@rave**.com","authmodel":"PIN","ip":"41.58.117.83","narration":"CARD Transaction ","status":"successful","vbvcode":"00","vbvmessage":"successful","authurl":"N\/A","acctcode":null,"acctmessage":null,"paymenttype":"card","paymentid":"1394","fraudstatus":"ok","chargetype":"normal","createdday":0,"createddayname":"SUNDAY","createdweek":18,"createdmonth":4,"createdmonthname":"MAY","createdquarter":2,"createdyear":2020,"createdyearisleap":true,"createddayispublicholiday":0,"createdhour":14,"createdminute":14,"createdpmam":"pm","created":"2020-05-03T14:14:23.000Z","customerid":372413,"custphone":null,"custnetworkprovider":"N\/A","custname":"First Patient","custemail":"firstpatient@gmail.com","custemailprovider":"GMAIL","custcreated":"2020-05-03T14:14:22.000Z","accountid":107388,"acctbusinessname":"ogunsola","acctcontactperson":"USMAN ADEBAYO OGUNSOLA","acctcountry":"NG","acctbearsfeeattransactiontime":1,"acctparent":2410,"acctvpcmerchant":"N\/A","acctalias":null,"acctisliveapproved":0,"orderref":"URF_1588515263290_1971835","paymentplan":null,"paymentpage":null,"raveref":"RV315885152620979AD3117FEC","amountsettledforthistransaction":9.72} [] []
[2020-05-03T14:16:23.801520+00:00] flutterwave/rave.NOTICE: Generating Reference Number.... [] []
[2020-05-03T14:16:23.805154+00:00] flutterwave/rave.NOTICE: Generated Reference Number....Ogunsola_5eaed237c4910 [] []
[2020-05-03T14:16:23.805235+00:00] flutterwave/rave.NOTICE: Rave Class Initializes.... [] []
[2020-05-03T14:16:23.840532+00:00] flutterwave/rave.NOTICE: Generating Checksum.... [] []
[2020-05-03T14:17:05.210301+00:00] flutterwave/rave.NOTICE: Generating Reference Number.... [] []
[2020-05-03T14:17:05.216165+00:00] flutterwave/rave.NOTICE: Generated Reference Number....Ogunsola_5eaed26134c47 [] []
[2020-05-03T14:17:05.216313+00:00] flutterwave/rave.NOTICE: Rave Class Initializes.... [] []
[2020-05-03T14:17:05.238321+00:00] flutterwave/rave.NOTICE: Payment completed. Now requerying payment. [] []
[2020-05-03T14:17:05.238443+00:00] flutterwave/rave.NOTICE: Requerying Transaction....Ogunsola_5eaed237c4910 [] []
[2020-05-03T14:17:06.663777+00:00] flutterwave/rave.NOTICE: Requeryed a successful transaction....{"txid":1259658,"txref":"Ogunsola_5eaed237c4910","flwref":"FLW-MOCK-750c660be8226174f3347693762d49f5","devicefingerprint":"dee75a039b0174fdd0a2f040479af55b","cycle":"one-time","amount":10,"currency":"NGN","chargedamount":10,"appfee":0.28,"merchantfee":0,"merchantbearsfee":1,"chargecode":"00","chargemessage":"Please enter the OTP sent to your mobile number 080****** and email te**@rave**.com","authmodel":"PIN","ip":"41.58.117.83","narration":"CARD Transaction ","status":"successful","vbvcode":"00","vbvmessage":"successful","authurl":"N\/A","acctcode":null,"acctmessage":null,"paymenttype":"card","paymentid":"1394","fraudstatus":"ok","chargetype":"normal","createdday":0,"createddayname":"SUNDAY","createdweek":18,"createdmonth":4,"createdmonthname":"MAY","createdquarter":2,"createdyear":2020,"createdyearisleap":true,"createddayispublicholiday":0,"createdhour":14,"createdminute":16,"createdpmam":"pm","created":"2020-05-03T14:16:54.000Z","customerid":372414,"custphone":null,"custnetworkprovider":"N\/A","custname":"First Patient","custemail":"firstpatient@gmail.com","custemailprovider":"GMAIL","custcreated":"2020-05-03T14:16:53.000Z","accountid":107388,"acctbusinessname":"ogunsola","acctcontactperson":"USMAN ADEBAYO OGUNSOLA","acctcountry":"NG","acctbearsfeeattransactiontime":1,"acctparent":2410,"acctvpcmerchant":"N\/A","acctalias":null,"acctisliveapproved":0,"orderref":"URF_1588515414333_5115135","paymentplan":null,"paymentpage":null,"raveref":"RV3158851541318954489AF8AF","amountsettledforthistransaction":9.72} [] []
[2020-05-03T14:26:48.212236+00:00] flutterwave/rave.NOTICE: Generating Reference Number.... [] []
[2020-05-03T14:26:48.216050+00:00] flutterwave/rave.NOTICE: Generated Reference Number....Ogunsola_5eaed4a834bde [] []
[2020-05-03T14:26:48.216195+00:00] flutterwave/rave.NOTICE: Rave Class Initializes.... [] []
[2020-05-03T14:26:48.252470+00:00] flutterwave/rave.NOTICE: Generating Checksum.... [] []
[2020-05-03T14:27:25.172969+00:00] flutterwave/rave.NOTICE: Generating Reference Number.... [] []
[2020-05-03T14:27:25.176176+00:00] flutterwave/rave.NOTICE: Generated Reference Number....Ogunsola_5eaed4cd2b01a [] []
[2020-05-03T14:27:25.176259+00:00] flutterwave/rave.NOTICE: Rave Class Initializes.... [] []
[2020-05-03T14:27:25.199939+00:00] flutterwave/rave.NOTICE: Payment completed. Now requerying payment. [] []
[2020-05-03T14:27:25.200133+00:00] flutterwave/rave.NOTICE: Requerying Transaction....Ogunsola_5eaed4a834bde [] []
[2020-05-03T14:27:26.639245+00:00] flutterwave/rave.NOTICE: Requeryed a successful transaction....{"txid":1259669,"txref":"Ogunsola_5eaed4a834bde","flwref":"FLW-MOCK-74a5ebef5a86e0c274e1995bfd63e3b4","devicefingerprint":"dee75a039b0174fdd0a2f040479af55b","cycle":"one-time","amount":10,"currency":"NGN","chargedamount":10,"appfee":0.28,"merchantfee":0,"merchantbearsfee":1,"chargecode":"00","chargemessage":"Please enter the OTP sent to your mobile number 080****** and email te**@rave**.com","authmodel":"PIN","ip":"41.58.117.83","narration":"CARD Transaction ","status":"successful","vbvcode":"00","vbvmessage":"successful","authurl":"N\/A","acctcode":null,"acctmessage":null,"paymenttype":"card","paymentid":"1394","fraudstatus":"ok","chargetype":"normal","createdday":0,"createddayname":"SUNDAY","createdweek":18,"createdmonth":4,"createdmonthname":"MAY","createdquarter":2,"createdyear":2020,"createdyearisleap":true,"createddayispublicholiday":0,"createdhour":14,"createdminute":27,"createdpmam":"pm","created":"2020-05-03T14:27:13.000Z","customerid":372416,"custphone":null,"custnetworkprovider":"N\/A","custname":"First Patient","custemail":"firstpatient@gmail.com","custemailprovider":"GMAIL","custcreated":"2020-05-03T14:27:13.000Z","accountid":107388,"acctbusinessname":"ogunsola","acctcontactperson":"USMAN ADEBAYO OGUNSOLA","acctcountry":"NG","acctbearsfeeattransactiontime":1,"acctparent":2410,"acctvpcmerchant":"N\/A","acctalias":null,"acctisliveapproved":0,"orderref":"URF_1588516033736_1561835","paymentplan":null,"paymentpage":null,"raveref":"RV31588516032600D27F44C556","amountsettledforthistransaction":9.72} [] []
[2020-05-03T14:31:53.858485+00:00] flutterwave/rave.NOTICE: Generating Reference Number.... [] []
[2020-05-03T14:31:53.862621+00:00] flutterwave/rave.NOTICE: Generated Reference Number....Ogunsola_5eaed5d9d2982 [] []
[2020-05-03T14:31:53.862753+00:00] flutterwave/rave.NOTICE: Rave Class Initializes.... [] []
[2020-05-03T14:31:53.903772+00:00] flutterwave/rave.NOTICE: Generating Checksum.... [] []
[2020-05-03T14:32:30.958419+00:00] flutterwave/rave.NOTICE: Generating Reference Number.... [] []
[2020-05-03T14:32:30.962212+00:00] flutterwave/rave.NOTICE: Generated Reference Number....Ogunsola_5eaed5feeae88 [] []
[2020-05-03T14:32:30.962337+00:00] flutterwave/rave.NOTICE: Rave Class Initializes.... [] []
[2020-05-03T14:32:30.988550+00:00] flutterwave/rave.NOTICE: Payment completed. Now requerying payment. [] []
[2020-05-03T14:32:30.988732+00:00] flutterwave/rave.NOTICE: Requerying Transaction....Ogunsola_5eaed5d9d2982 [] []
[2020-05-03T14:32:32.427919+00:00] flutterwave/rave.NOTICE: Requeryed a successful transaction....{"txid":1259673,"txref":"Ogunsola_5eaed5d9d2982","flwref":"FLW-MOCK-7bd068826f8c1e865d09ccf85aacf56b","devicefingerprint":"dee75a039b0174fdd0a2f040479af55b","cycle":"one-time","amount":10,"currency":"NGN","chargedamount":10,"appfee":0.28,"merchantfee":0,"merchantbearsfee":1,"chargecode":"00","chargemessage":"Please enter the OTP sent to your mobile number 080****** and email te**@rave**.com","authmodel":"PIN","ip":"41.58.117.83","narration":"CARD Transaction ","status":"successful","vbvcode":"00","vbvmessage":"successful","authurl":"N\/A","acctcode":null,"acctmessage":null,"paymenttype":"card","paymentid":"1394","fraudstatus":"ok","chargetype":"normal","createdday":0,"createddayname":"SUNDAY","createdweek":18,"createdmonth":4,"createdmonthname":"MAY","createdquarter":2,"createdyear":2020,"createdyearisleap":true,"createddayispublicholiday":0,"createdhour":14,"createdminute":32,"createdpmam":"pm","created":"2020-05-03T14:32:19.000Z","customerid":372420,"custphone":null,"custnetworkprovider":"N\/A","custname":"First Patient","custemail":"firstpatient@gmail.com","custemailprovider":"GMAIL","custcreated":"2020-05-03T14:32:19.000Z","accountid":107388,"acctbusinessname":"ogunsola","acctcontactperson":"USMAN ADEBAYO OGUNSOLA","acctcountry":"NG","acctbearsfeeattransactiontime":1,"acctparent":2410,"acctvpcmerchant":"N\/A","acctalias":null,"acctisliveapproved":0,"orderref":"URF_1588516339681_120435","paymentplan":null,"paymentpage":null,"raveref":"RV315885163384557AE9A6A06A","amountsettledforthistransaction":9.72} [] []
[2020-05-03T14:36:40.641779+00:00] flutterwave/rave.NOTICE: Generating Reference Number.... [] []
[2020-05-03T14:36:40.648331+00:00] flutterwave/rave.NOTICE: Generated Reference Number....Ogunsola_5eaed6f89e472 [] []
[2020-05-03T14:36:40.648422+00:00] flutterwave/rave.NOTICE: Rave Class Initializes.... [] []
[2020-05-03T14:36:40.683378+00:00] flutterwave/rave.NOTICE: Generating Checksum.... [] []
[2020-05-03T14:37:24.604851+00:00] flutterwave/rave.NOTICE: Generating Reference Number.... [] []
[2020-05-03T14:37:24.610055+00:00] flutterwave/rave.NOTICE: Generated Reference Number....Ogunsola_5eaed72494ee3 [] []
[2020-05-03T14:37:24.610227+00:00] flutterwave/rave.NOTICE: Rave Class Initializes.... [] []
[2020-05-03T14:37:24.638371+00:00] flutterwave/rave.NOTICE: Payment completed. Now requerying payment. [] []
[2020-05-03T14:37:24.638499+00:00] flutterwave/rave.NOTICE: Requerying Transaction....Ogunsola_5eaed6f89e472 [] []
[2020-05-03T14:37:26.460948+00:00] flutterwave/rave.NOTICE: Requeryed a successful transaction....{"txid":1259683,"txref":"Ogunsola_5eaed6f89e472","flwref":"FLW-MOCK-c47a6838879f0e5d116a3c96fa91894f","devicefingerprint":"dee75a039b0174fdd0a2f040479af55b","cycle":"one-time","amount":10,"currency":"NGN","chargedamount":10,"appfee":0.28,"merchantfee":0,"merchantbearsfee":1,"chargecode":"00","chargemessage":"Please enter the OTP sent to your mobile number 080****** and email te**@rave**.com","authmodel":"PIN","ip":"41.58.117.83","narration":"CARD Transaction ","status":"successful","vbvcode":"00","vbvmessage":"successful","authurl":"N\/A","acctcode":null,"acctmessage":null,"paymenttype":"card","paymentid":"1394","fraudstatus":"ok","chargetype":"normal","createdday":0,"createddayname":"SUNDAY","createdweek":18,"createdmonth":4,"createdmonthname":"MAY","createdquarter":2,"createdyear":2020,"createdyearisleap":true,"createddayispublicholiday":0,"createdhour":14,"createdminute":37,"createdpmam":"pm","created":"2020-05-03T14:37:07.000Z","customerid":372426,"custphone":null,"custnetworkprovider":"N\/A","custname":"First Patient","custemail":"firstpatient@gmail.com","custemailprovider":"GMAIL","custcreated":"2020-05-03T14:37:06.000Z","accountid":107388,"acctbusinessname":"ogunsola","acctcontactperson":"USMAN ADEBAYO OGUNSOLA","acctcountry":"NG","acctbearsfeeattransactiontime":1,"acctparent":2410,"acctvpcmerchant":"N\/A","acctalias":null,"acctisliveapproved":0,"orderref":"URF_1588516627339_4369735","paymentplan":null,"paymentpage":null,"raveref":"RV31588516626073E0F6C501D8","amountsettledforthistransaction":9.72} [] []
[2020-05-03T14:38:22.948851+00:00] flutterwave/rave.NOTICE: Generating Reference Number.... [] []
[2020-05-03T14:38:22.951949+00:00] flutterwave/rave.NOTICE: Generated Reference Number....Ogunsola_5eaed75ee867b [] []
[2020-05-03T14:38:22.952032+00:00] flutterwave/rave.NOTICE: Rave Class Initializes.... [] []
[2020-05-03T14:38:22.987056+00:00] flutterwave/rave.NOTICE: Generating Checksum.... [] []
[2020-05-03T14:38:59.923375+00:00] flutterwave/rave.NOTICE: Generating Reference Number.... [] []
[2020-05-03T14:38:59.929725+00:00] flutterwave/rave.NOTICE: Generated Reference Number....Ogunsola_5eaed783e2f9e [] []
[2020-05-03T14:38:59.929889+00:00] flutterwave/rave.NOTICE: Rave Class Initializes.... [] []
[2020-05-03T14:38:59.956688+00:00] flutterwave/rave.NOTICE: Payment completed. Now requerying payment. [] []
[2020-05-03T14:38:59.956887+00:00] flutterwave/rave.NOTICE: Requerying Transaction....Ogunsola_5eaed75ee867b [] []
[2020-05-03T14:39:01.447122+00:00] flutterwave/rave.NOTICE: Requeryed a successful transaction....{"txid":1259684,"txref":"Ogunsola_5eaed75ee867b","flwref":"FLW-MOCK-de18bbc815af047150fcce061b858bab","devicefingerprint":"dee75a039b0174fdd0a2f040479af55b","cycle":"one-time","amount":10,"currency":"NGN","chargedamount":10,"appfee":0.28,"merchantfee":0,"merchantbearsfee":1,"chargecode":"00","chargemessage":"Please enter the OTP sent to your mobile number 080****** and email te**@rave**.com","authmodel":"PIN","ip":"41.58.117.83","narration":"CARD Transaction ","status":"successful","vbvcode":"00","vbvmessage":"successful","authurl":"N\/A","acctcode":null,"acctmessage":null,"paymenttype":"card","paymentid":"1394","fraudstatus":"ok","chargetype":"normal","createdday":0,"createddayname":"SUNDAY","createdweek":18,"createdmonth":4,"createdmonthname":"MAY","createdquarter":2,"createdyear":2020,"createdyearisleap":true,"createddayispublicholiday":0,"createdhour":14,"createdminute":38,"createdpmam":"pm","created":"2020-05-03T14:38:50.000Z","customerid":372427,"custphone":null,"custnetworkprovider":"N\/A","custname":"First Patient","custemail":"firstpatient@gmail.com","custemailprovider":"GMAIL","custcreated":"2020-05-03T14:38:49.000Z","accountid":107388,"acctbusinessname":"ogunsola","acctcontactperson":"USMAN ADEBAYO OGUNSOLA","acctcountry":"NG","acctbearsfeeattransactiontime":1,"acctparent":2410,"acctvpcmerchant":"N\/A","acctalias":null,"acctisliveapproved":0,"orderref":"URF_1588516730336_3360035","paymentplan":null,"paymentpage":null,"raveref":"RV31588516729212016AFF1A3E","amountsettledforthistransaction":9.72} [] []
[2020-05-03T14:55:54.755298+00:00] flutterwave/rave.NOTICE: Generating Reference Number.... [] []
[2020-05-03T14:55:54.761360+00:00] flutterwave/rave.NOTICE: Generated Reference Number....Ogunsola_5eaedb7ab9df8 [] []
[2020-05-03T14:55:54.761455+00:00] flutterwave/rave.NOTICE: Rave Class Initializes.... [] []
[2020-05-03T14:55:54.794861+00:00] flutterwave/rave.NOTICE: Generating Checksum.... [] []
[2020-05-03T14:56:46.799172+00:00] flutterwave/rave.NOTICE: Generating Reference Number.... [] []
[2020-05-03T14:56:46.802346+00:00] flutterwave/rave.NOTICE: Generated Reference Number....Ogunsola_5eaedbaec3e17 [] []
[2020-05-03T14:56:46.802497+00:00] flutterwave/rave.NOTICE: Rave Class Initializes.... [] []
[2020-05-03T14:56:46.823851+00:00] flutterwave/rave.NOTICE: Payment completed. Now requerying payment. [] []
[2020-05-03T14:56:46.824109+00:00] flutterwave/rave.NOTICE: Requerying Transaction....Ogunsola_5eaedb7ab9df8 [] []
[2020-05-03T14:56:48.286471+00:00] flutterwave/rave.NOTICE: Requeryed a successful transaction....{"txid":1259716,"txref":"Ogunsola_5eaedb7ab9df8","flwref":"FLW-MOCK-b85b1501ae78a1dc07f5315df1183076","devicefingerprint":"dee75a039b0174fdd0a2f040479af55b","cycle":"one-time","amount":10,"currency":"NGN","chargedamount":10,"appfee":0.28,"merchantfee":0,"merchantbearsfee":1,"chargecode":"00","chargemessage":"Please enter the OTP sent to your mobile number 080****** and email te**@rave**.com","authmodel":"PIN","ip":"41.58.117.83","narration":"CARD Transaction ","status":"successful","vbvcode":"00","vbvmessage":"successful","authurl":"N\/A","acctcode":null,"acctmessage":null,"paymenttype":"card","paymentid":"1394","fraudstatus":"ok","chargetype":"normal","createdday":0,"createddayname":"SUNDAY","createdweek":18,"createdmonth":4,"createdmonthname":"MAY","createdquarter":2,"createdyear":2020,"createdyearisleap":true,"createddayispublicholiday":0,"createdhour":14,"createdminute":56,"createdpmam":"pm","created":"2020-05-03T14:56:37.000Z","customerid":372449,"custphone":null,"custnetworkprovider":"N\/A","custname":"First Patient","custemail":"firstpatient@gmail.com","custemailprovider":"GMAIL","custcreated":"2020-05-03T14:56:36.000Z","accountid":107388,"acctbusinessname":"ogunsola","acctcontactperson":"USMAN ADEBAYO OGUNSOLA","acctcountry":"NG","acctbearsfeeattransactiontime":1,"acctparent":2410,"acctvpcmerchant":"N\/A","acctalias":null,"acctisliveapproved":0,"orderref":"URF_1588517797026_6038235","paymentplan":null,"paymentpage":null,"raveref":"RV3158851779585381934FC25F","amountsettledforthistransaction":9.72} [] []
[2020-05-03T14:59:33.985832+00:00] flutterwave/rave.NOTICE: Generating Reference Number.... [] []
[2020-05-03T14:59:33.992934+00:00] flutterwave/rave.NOTICE: Generated Reference Number....Ogunsola_5eaedc55f2687 [] []
[2020-05-03T14:59:33.993085+00:00] flutterwave/rave.NOTICE: Rave Class Initializes.... [] []
[2020-05-03T14:59:34.028556+00:00] flutterwave/rave.NOTICE: Generating Checksum.... [] []
[2020-05-03T15:00:22.261121+00:00] flutterwave/rave.NOTICE: Generating Reference Number.... [] []
[2020-05-03T15:00:22.264254+00:00] flutterwave/rave.NOTICE: Generated Reference Number....Ogunsola_5eaedc864082e [] []
[2020-05-03T15:00:22.264335+00:00] flutterwave/rave.NOTICE: Rave Class Initializes.... [] []
[2020-05-03T15:00:22.286455+00:00] flutterwave/rave.NOTICE: Payment completed. Now requerying payment. [] []
[2020-05-03T15:00:22.286644+00:00] flutterwave/rave.NOTICE: Requerying Transaction....Ogunsola_5eaedc55f2687 [] []
[2020-05-03T15:00:23.604998+00:00] flutterwave/rave.NOTICE: Requeryed a successful transaction....{"txid":1259721,"txref":"Ogunsola_5eaedc55f2687","flwref":"FLW-MOCK-e94094c3ea93a9546bbf045aa37a1465","devicefingerprint":"dee75a039b0174fdd0a2f040479af55b","cycle":"one-time","amount":10,"currency":"NGN","chargedamount":10,"appfee":0.28,"merchantfee":0,"merchantbearsfee":1,"chargecode":"00","chargemessage":"Please enter the OTP sent to your mobile number 080****** and email te**@rave**.com","authmodel":"PIN","ip":"41.58.117.83","narration":"CARD Transaction ","status":"successful","vbvcode":"00","vbvmessage":"successful","authurl":"N\/A","acctcode":null,"acctmessage":null,"paymenttype":"card","paymentid":"1394","fraudstatus":"ok","chargetype":"normal","createdday":0,"createddayname":"SUNDAY","createdweek":18,"createdmonth":4,"createdmonthname":"MAY","createdquarter":2,"createdyear":2020,"createdyearisleap":true,"createddayispublicholiday":0,"createdhour":15,"createdminute":0,"createdpmam":"pm","created":"2020-05-03T15:00:08.000Z","customerid":372450,"custphone":null,"custnetworkprovider":"N\/A","custname":"First Patient","custemail":"firstpatient@gmail.com","custemailprovider":"GMAIL","custcreated":"2020-05-03T15:00:07.000Z","accountid":107388,"acctbusinessname":"ogunsola","acctcontactperson":"USMAN ADEBAYO OGUNSOLA","acctcountry":"NG","acctbearsfeeattransactiontime":1,"acctparent":2410,"acctvpcmerchant":"N\/A","acctalias":null,"acctisliveapproved":0,"orderref":"URF_1588518008223_3546335","paymentplan":null,"paymentpage":null,"raveref":"RV31588518007005FE513CE4A5","amountsettledforthistransaction":9.72} [] []
[2020-05-03T15:10:18.826379+00:00] flutterwave/rave.NOTICE: Generating Reference Number.... [] []
[2020-05-03T15:10:18.831450+00:00] flutterwave/rave.NOTICE: Generated Reference Number....Ogunsola_5eaededacafc1 [] []
[2020-05-03T15:10:18.831542+00:00] flutterwave/rave.NOTICE: Rave Class Initializes.... [] []
[2020-05-03T15:10:18.865344+00:00] flutterwave/rave.NOTICE: Generating Checksum.... [] []
[2020-05-03T15:11:02.932821+00:00] flutterwave/rave.NOTICE: Generating Reference Number.... [] []
[2020-05-03T15:11:02.937160+00:00] flutterwave/rave.NOTICE: Generated Reference Number....Ogunsola_5eaedf06e4cb3 [] []
[2020-05-03T15:11:02.937244+00:00] flutterwave/rave.NOTICE: Rave Class Initializes.... [] []
[2020-05-03T15:11:02.957039+00:00] flutterwave/rave.NOTICE: Payment completed. Now requerying payment. [] []
[2020-05-03T15:11:02.957165+00:00] flutterwave/rave.NOTICE: Requerying Transaction....Ogunsola_5eaededacafc1 [] []
[2020-05-03T15:11:04.621037+00:00] flutterwave/rave.NOTICE: Requeryed a successful transaction....{"txid":1259732,"txref":"Ogunsola_5eaededacafc1","flwref":"FLW-MOCK-a34a3600b4199cc3a87984bb670951d5","devicefingerprint":"dee75a039b0174fdd0a2f040479af55b","cycle":"one-time","amount":10,"currency":"NGN","chargedamount":10,"appfee":0.28,"merchantfee":0,"merchantbearsfee":1,"chargecode":"00","chargemessage":"Please enter the OTP sent to your mobile number 080****** and email te**@rave**.com","authmodel":"PIN","ip":"41.58.117.83","narration":"CARD Transaction ","status":"successful","vbvcode":"00","vbvmessage":"successful","authurl":"N\/A","acctcode":null,"acctmessage":null,"paymenttype":"card","paymentid":"1394","fraudstatus":"ok","chargetype":"normal","createdday":0,"createddayname":"SUNDAY","createdweek":18,"createdmonth":4,"createdmonthname":"MAY","createdquarter":2,"createdyear":2020,"createdyearisleap":true,"createddayispublicholiday":0,"createdhour":15,"createdminute":10,"createdpmam":"pm","created":"2020-05-03T15:10:45.000Z","customerid":372452,"custphone":null,"custnetworkprovider":"N\/A","custname":"First Patient","custemail":"firstpatient@gmail.com","custemailprovider":"GMAIL","custcreated":"2020-05-03T15:10:44.000Z","accountid":107388,"acctbusinessname":"ogunsola","acctcontactperson":"USMAN ADEBAYO OGUNSOLA","acctcountry":"NG","acctbearsfeeattransactiontime":1,"acctparent":2410,"acctvpcmerchant":"N\/A","acctalias":null,"acctisliveapproved":0,"orderref":"URF_1588518645137_119735","paymentplan":null,"paymentpage":null,"raveref":"RV31588518643905AD5B1B7224","amountsettledforthistransaction":9.72} [] []
[2020-05-03T16:48:43.164605+00:00] flutterwave/rave.NOTICE: Generating Reference Number.... [] []
[2020-05-03T16:48:43.173148+00:00] flutterwave/rave.NOTICE: Generated Reference Number....Ogunsola_5eaef5eb2a43b [] []
[2020-05-03T16:48:43.173308+00:00] flutterwave/rave.NOTICE: Rave Class Initializes.... [] []
[2020-05-03T16:48:43.223415+00:00] flutterwave/rave.NOTICE: Generating Checksum.... [] []
[2020-05-03T16:49:32.540521+00:00] flutterwave/rave.NOTICE: Generating Reference Number.... [] []
[2020-05-03T16:49:32.543604+00:00] flutterwave/rave.NOTICE: Generated Reference Number....Ogunsola_5eaef61c84b62 [] []
[2020-05-03T16:49:32.543685+00:00] flutterwave/rave.NOTICE: Rave Class Initializes.... [] []
[2020-05-03T16:49:32.576848+00:00] flutterwave/rave.NOTICE: Generating Checksum.... [] []
[2020-05-03T17:10:07.359905+00:00] flutterwave/rave.NOTICE: Generating Reference Number.... [] []
[2020-05-03T17:10:07.367183+00:00] flutterwave/rave.NOTICE: Generated Reference Number....Ogunsola_5eaefaef59a2d [] []
[2020-05-03T17:10:07.367324+00:00] flutterwave/rave.NOTICE: Rave Class Initializes.... [] []
[2020-05-03T17:10:07.408828+00:00] flutterwave/rave.NOTICE: Generating Checksum.... [] []
[2020-05-03T17:10:58.347957+00:00] flutterwave/rave.NOTICE: Generating Reference Number.... [] []
[2020-05-03T17:10:58.351822+00:00] flutterwave/rave.NOTICE: Generated Reference Number....Ogunsola_5eaefb2255e39 [] []
[2020-05-03T17:10:58.351909+00:00] flutterwave/rave.NOTICE: Rave Class Initializes.... [] []
[2020-05-03T17:10:58.374040+00:00] flutterwave/rave.NOTICE: Payment completed. Now requerying payment. [] []
[2020-05-03T17:10:58.374340+00:00] flutterwave/rave.NOTICE: Requerying Transaction....Ogunsola_5eaefaef59a2d [] []
[2020-05-03T17:11:00.133017+00:00] flutterwave/rave.NOTICE: Requeryed a successful transaction....{"txid":1259941,"txref":"Ogunsola_5eaefaef59a2d","flwref":"FLW-MOCK-0231e0e73b6eae74b9ab1c180f25709c","devicefingerprint":"dee75a039b0174fdd0a2f040479af55b","cycle":"one-time","amount":10,"currency":"NGN","chargedamount":10,"appfee":0.28,"merchantfee":0,"merchantbearsfee":1,"chargecode":"00","chargemessage":"Please enter the OTP sent to your mobile number 080****** and email te**@rave**.com","authmodel":"PIN","ip":"41.58.117.16","narration":"CARD Transaction ","status":"successful","vbvcode":"00","vbvmessage":"successful","authurl":"N\/A","acctcode":null,"acctmessage":null,"paymenttype":"card","paymentid":"1394","fraudstatus":"ok","chargetype":"normal","createdday":0,"createddayname":"SUNDAY","createdweek":18,"createdmonth":4,"createdmonthname":"MAY","createdquarter":2,"createdyear":2020,"createdyearisleap":true,"createddayispublicholiday":0,"createdhour":17,"createdminute":10,"createdpmam":"pm","created":"2020-05-03T17:10:47.000Z","customerid":372533,"custphone":null,"custnetworkprovider":"N\/A","custname":"First Patient","custemail":"firstpatient@gmail.com","custemailprovider":"GMAIL","custcreated":"2020-05-03T17:10:47.000Z","accountid":107388,"acctbusinessname":"ogunsola","acctcontactperson":"USMAN ADEBAYO OGUNSOLA","acctcountry":"NG","acctbearsfeeattransactiontime":1,"acctparent":2410,"acctvpcmerchant":"N\/A","acctalias":null,"acctisliveapproved":0,"orderref":"URF_1588525847628_6134535","paymentplan":null,"paymentpage":null,"raveref":"RV315885258464830D3FC7B054","amountsettledforthistransaction":9.72} [] []
[2020-05-03T17:12:45.379600+00:00] flutterwave/rave.NOTICE: Generating Reference Number.... [] []
[2020-05-03T17:12:45.383329+00:00] flutterwave/rave.NOTICE: Generated Reference Number....Ogunsola_5eaefb8d5d94e [] []
[2020-05-03T17:12:45.383413+00:00] flutterwave/rave.NOTICE: Rave Class Initializes.... [] []
[2020-05-03T17:12:45.418726+00:00] flutterwave/rave.NOTICE: Generating Checksum.... [] []
[2020-05-03T17:13:28.916254+00:00] flutterwave/rave.NOTICE: Generating Reference Number.... [] []
[2020-05-03T17:13:28.921931+00:00] flutterwave/rave.NOTICE: Generated Reference Number....Ogunsola_5eaefbb8e112b [] []
[2020-05-03T17:13:28.922072+00:00] flutterwave/rave.NOTICE: Rave Class Initializes.... [] []
[2020-05-03T17:13:28.950378+00:00] flutterwave/rave.NOTICE: Payment completed. Now requerying payment. [] []
[2020-05-03T17:13:28.950703+00:00] flutterwave/rave.NOTICE: Requerying Transaction....Ogunsola_5eaefb8d5d94e [] []
[2020-05-03T17:13:30.361945+00:00] flutterwave/rave.NOTICE: Requeryed a successful transaction....{"txid":1259946,"txref":"Ogunsola_5eaefb8d5d94e","flwref":"FLW-MOCK-fc66be13598a05cc3c47bed89ccdb04b","devicefingerprint":"dee75a039b0174fdd0a2f040479af55b","cycle":"one-time","amount":10,"currency":"NGN","chargedamount":10,"appfee":0.28,"merchantfee":0,"merchantbearsfee":1,"chargecode":"00","chargemessage":"Please enter the OTP sent to your mobile number 080****** and email te**@rave**.com","authmodel":"PIN","ip":"41.58.117.16","narration":"CARD Transaction ","status":"successful","vbvcode":"00","vbvmessage":"successful","authurl":"N\/A","acctcode":null,"acctmessage":null,"paymenttype":"card","paymentid":"1394","fraudstatus":"ok","chargetype":"normal","createdday":0,"createddayname":"SUNDAY","createdweek":18,"createdmonth":4,"createdmonthname":"MAY","createdquarter":2,"createdyear":2020,"createdyearisleap":true,"createddayispublicholiday":0,"createdhour":17,"createdminute":13,"createdpmam":"pm","created":"2020-05-03T17:13:11.000Z","customerid":372538,"custphone":null,"custnetworkprovider":"N\/A","custname":"First Patient","custemail":"firstpatient@gmail.com","custemailprovider":"GMAIL","custcreated":"2020-05-03T17:13:11.000Z","accountid":107388,"acctbusinessname":"ogunsola","acctcontactperson":"USMAN ADEBAYO OGUNSOLA","acctcountry":"NG","acctbearsfeeattransactiontime":1,"acctparent":2410,"acctvpcmerchant":"N\/A","acctalias":null,"acctisliveapproved":0,"orderref":"URF_1588525991857_3288135","paymentplan":null,"paymentpage":null,"raveref":"RV31588525990797583B0C0F54","amountsettledforthistransaction":9.72} [] []
[2020-05-03T17:14:08.781457+00:00] flutterwave/rave.NOTICE: Generating Reference Number.... [] []
[2020-05-03T17:14:08.785098+00:00] flutterwave/rave.NOTICE: Generated Reference Number....Ogunsola_5eaefbe0bfaae [] []
[2020-05-03T17:14:08.785223+00:00] flutterwave/rave.NOTICE: Rave Class Initializes.... [] []
[2020-05-03T17:14:08.819274+00:00] flutterwave/rave.NOTICE: Generating Checksum.... [] []
[2020-05-03T17:14:43.514239+00:00] flutterwave/rave.NOTICE: Generating Reference Number.... [] []
[2020-05-03T17:14:43.518798+00:00] flutterwave/rave.NOTICE: Generated Reference Number....Ogunsola_5eaefc037ea71 [] []
[2020-05-03T17:14:43.518923+00:00] flutterwave/rave.NOTICE: Rave Class Initializes.... [] []
[2020-05-03T17:14:43.549903+00:00] flutterwave/rave.NOTICE: Payment completed. Now requerying payment. [] []
[2020-05-03T17:14:43.550102+00:00] flutterwave/rave.NOTICE: Requerying Transaction....Ogunsola_5eaefbe0bfaae [] []
[2020-05-03T17:14:48.946242+00:00] flutterwave/rave.NOTICE: Requeryed a successful transaction....{"txid":1259951,"txref":"Ogunsola_5eaefbe0bfaae","flwref":"FLW-MOCK-4151ad52d8c643cb18871bb21f30dcfe","devicefingerprint":"dee75a039b0174fdd0a2f040479af55b","cycle":"one-time","amount":10,"currency":"NGN","chargedamount":10,"appfee":0.28,"merchantfee":0,"merchantbearsfee":1,"chargecode":"00","chargemessage":"Please enter the OTP sent to your mobile number 080****** and email te**@rave**.com","authmodel":"PIN","ip":"41.58.117.16","narration":"CARD Transaction ","status":"successful","vbvcode":"00","vbvmessage":"successful","authurl":"N\/A","acctcode":null,"acctmessage":null,"paymenttype":"card","paymentid":"1394","fraudstatus":"ok","chargetype":"normal","createdday":0,"createddayname":"SUNDAY","createdweek":18,"createdmonth":4,"createdmonthname":"MAY","createdquarter":2,"createdyear":2020,"createdyearisleap":true,"createddayispublicholiday":0,"createdhour":17,"createdminute":14,"createdpmam":"pm","created":"2020-05-03T17:14:32.000Z","customerid":372542,"custphone":null,"custnetworkprovider":"N\/A","custname":"First Patient","custemail":"firstpatient@gmail.com","custemailprovider":"GMAIL","custcreated":"2020-05-03T17:14:31.000Z","accountid":107388,"acctbusinessname":"ogunsola","acctcontactperson":"USMAN ADEBAYO OGUNSOLA","acctcountry":"NG","acctbearsfeeattransactiontime":1,"acctparent":2410,"acctvpcmerchant":"N\/A","acctalias":null,"acctisliveapproved":0,"orderref":"URF_1588526072240_3104635","paymentplan":null,"paymentpage":null,"raveref":"RV31588526070781B6303CB9B0","amountsettledforthistransaction":9.72} [] []
[2020-05-03T17:16:39.742843+00:00] flutterwave/rave.NOTICE: Generating Reference Number.... [] []
[2020-05-03T17:16:39.746604+00:00] flutterwave/rave.NOTICE: Generated Reference Number....Ogunsola_5eaefc77b6459 [] []
[2020-05-03T17:16:39.746689+00:00] flutterwave/rave.NOTICE: Rave Class Initializes.... [] []
[2020-05-03T17:16:39.780134+00:00] flutterwave/rave.NOTICE: Generating Checksum.... [] []
[2020-05-03T17:17:15.200289+00:00] flutterwave/rave.NOTICE: Generating Reference Number.... [] []
[2020-05-03T17:17:15.205188+00:00] flutterwave/rave.NOTICE: Generated Reference Number....Ogunsola_5eaefc9b3216c [] []
[2020-05-03T17:17:15.205281+00:00] flutterwave/rave.NOTICE: Rave Class Initializes.... [] []
[2020-05-03T17:17:15.226219+00:00] flutterwave/rave.NOTICE: Payment completed. Now requerying payment. [] []
[2020-05-03T17:17:15.226341+00:00] flutterwave/rave.NOTICE: Requerying Transaction....Ogunsola_5eaefc77b6459 [] []
[2020-05-03T17:17:17.202292+00:00] flutterwave/rave.NOTICE: Requeryed a successful transaction....{"txid":1259953,"txref":"Ogunsola_5eaefc77b6459","flwref":"FLW-MOCK-d41b6ebf6266e466b55a9b2d8840af44","devicefingerprint":"dee75a039b0174fdd0a2f040479af55b","cycle":"one-time","amount":10,"currency":"NGN","chargedamount":10,"appfee":0.28,"merchantfee":0,"merchantbearsfee":1,"chargecode":"00","chargemessage":"Please enter the OTP sent to your mobile number 080****** and email te**@rave**.com","authmodel":"PIN","ip":"41.58.117.16","narration":"CARD Transaction ","status":"successful","vbvcode":"00","vbvmessage":"successful","authurl":"N\/A","acctcode":null,"acctmessage":null,"paymenttype":"card","paymentid":"1394","fraudstatus":"ok","chargetype":"normal","createdday":0,"createddayname":"SUNDAY","createdweek":18,"createdmonth":4,"createdmonthname":"MAY","createdquarter":2,"createdyear":2020,"createdyearisleap":true,"createddayispublicholiday":0,"createdhour":17,"createdminute":17,"createdpmam":"pm","created":"2020-05-03T17:17:05.000Z","customerid":372544,"custphone":null,"custnetworkprovider":"N\/A","custname":"First Patient","custemail":"firstpatient@gmail.com","custemailprovider":"GMAIL","custcreated":"2020-05-03T17:17:04.000Z","accountid":107388,"acctbusinessname":"ogunsola","acctcontactperson":"USMAN ADEBAYO OGUNSOLA","acctcountry":"NG","acctbearsfeeattransactiontime":1,"acctparent":2410,"acctvpcmerchant":"N\/A","acctalias":null,"acctisliveapproved":0,"orderref":"URF_1588526225125_7887435","paymentplan":null,"paymentpage":null,"raveref":"RV315885262238919B4430BFFC","amountsettledforthistransaction":9.72} [] []
[2020-05-03T17:26:46.824763+00:00] flutterwave/rave.NOTICE: Generating Reference Number.... [] []
[2020-05-03T17:26:46.829927+00:00] flutterwave/rave.NOTICE: Generated Reference Number....Ogunsola_5eaefed6ca9c6 [] []
[2020-05-03T17:26:46.830035+00:00] flutterwave/rave.NOTICE: Rave Class Initializes.... [] []
[2020-05-03T17:26:46.865848+00:00] flutterwave/rave.NOTICE: Generating Checksum.... [] []
[2020-05-03T17:26:58.053148+00:00] flutterwave/rave.NOTICE: Generating Reference Number.... [] []
[2020-05-03T17:26:58.060163+00:00] flutterwave/rave.NOTICE: Generated Reference Number....Ogunsola_5eaefee20eaea [] []
[2020-05-03T17:26:58.060273+00:00] flutterwave/rave.NOTICE: Rave Class Initializes.... [] []
[2020-05-03T17:26:58.073486+00:00] flutterwave/rave.NOTICE: Requerying Transaction....Ogunsola_5eaefed6ca9c6 [] []
[2020-05-03T17:43:38.234501+00:00] flutterwave/rave.NOTICE: Generating Reference Number.... [] []
[2020-05-03T17:43:38.238887+00:00] flutterwave/rave.NOTICE: Generated Reference Number....Ogunsola_5eaf02ca3a50f [] []
[2020-05-03T17:43:38.238988+00:00] flutterwave/rave.NOTICE: Rave Class Initializes.... [] []
[2020-05-03T17:43:38.278351+00:00] flutterwave/rave.NOTICE: Generating Checksum.... [] []
[2020-05-03T17:44:26.619347+00:00] flutterwave/rave.NOTICE: Generating Reference Number.... [] []
[2020-05-03T17:44:26.624137+00:00] flutterwave/rave.NOTICE: Generated Reference Number....Ogunsola_5eaf02fa985e7 [] []
[2020-05-03T17:44:26.624305+00:00] flutterwave/rave.NOTICE: Rave Class Initializes.... [] []
[2020-05-03T17:44:26.647649+00:00] flutterwave/rave.NOTICE: Payment completed. Now requerying payment. [] []
[2020-05-03T17:44:26.647843+00:00] flutterwave/rave.NOTICE: Requerying Transaction....Ogunsola_5eaf02ca3a50f [] []
[2020-05-03T17:44:27.814879+00:00] flutterwave/rave.NOTICE: Requeryed a successful transaction....{"txid":1259996,"txref":"Ogunsola_5eaf02ca3a50f","flwref":"FLW-MOCK-28dae1d13161b16ce4ad9d79441cb570","devicefingerprint":"dee75a039b0174fdd0a2f040479af55b","cycle":"one-time","amount":10,"currency":"NGN","chargedamount":10,"appfee":0.28,"merchantfee":0,"merchantbearsfee":1,"chargecode":"00","chargemessage":"Please enter the OTP sent to your mobile number 080****** and email te**@rave**.com","authmodel":"PIN","ip":"41.58.117.16","narration":"CARD Transaction ","status":"successful","vbvcode":"00","vbvmessage":"successful","authurl":"N\/A","acctcode":null,"acctmessage":null,"paymenttype":"card","paymentid":"1394","fraudstatus":"ok","chargetype":"normal","createdday":0,"createddayname":"SUNDAY","createdweek":18,"createdmonth":4,"createdmonthname":"MAY","createdquarter":2,"createdyear":2020,"createdyearisleap":true,"createddayispublicholiday":0,"createdhour":17,"createdminute":44,"createdpmam":"pm","created":"2020-05-03T17:44:14.000Z","customerid":372581,"custphone":null,"custnetworkprovider":"N\/A","custname":"First Patient","custemail":"firstpatient@gmail.com","custemailprovider":"GMAIL","custcreated":"2020-05-03T17:44:13.000Z","accountid":107388,"acctbusinessname":"ogunsola","acctcontactperson":"USMAN ADEBAYO OGUNSOLA","acctcountry":"NG","acctbearsfeeattransactiontime":1,"acctparent":2410,"acctvpcmerchant":"N\/A","acctalias":null,"acctisliveapproved":0,"orderref":"URF_1588527854016_4176635","paymentplan":null,"paymentpage":null,"raveref":"RV315885278528663D8B74FD43","amountsettledforthistransaction":9.72} [] []
[2020-05-03T17:45:25.678451+00:00] flutterwave/rave.NOTICE: Generating Reference Number.... [] []
[2020-05-03T17:45:25.681543+00:00] flutterwave/rave.NOTICE: Generated Reference Number....Ogunsola_5eaf0335a6636 [] []
[2020-05-03T17:45:25.681624+00:00] flutterwave/rave.NOTICE: Rave Class Initializes.... [] []
[2020-05-03T17:45:25.714987+00:00] flutterwave/rave.NOTICE: Generating Checksum.... [] []
[2020-05-03T17:46:01.545155+00:00] flutterwave/rave.NOTICE: Generating Reference Number.... [] []
[2020-05-03T17:46:01.549732+00:00] flutterwave/rave.NOTICE: Generated Reference Number....Ogunsola_5eaf03598634f [] []
[2020-05-03T17:46:01.549814+00:00] flutterwave/rave.NOTICE: Rave Class Initializes.... [] []
[2020-05-03T17:46:01.570497+00:00] flutterwave/rave.NOTICE: Payment completed. Now requerying payment. [] []
[2020-05-03T17:46:01.570652+00:00] flutterwave/rave.NOTICE: Requerying Transaction....Ogunsola_5eaf0335a6636 [] []
[2020-05-03T17:46:03.656194+00:00] flutterwave/rave.NOTICE: Requeryed a successful transaction....{"txid":1260000,"txref":"Ogunsola_5eaf0335a6636","flwref":"FLW-MOCK-15cf372740db7b66388bcc2e5aebfb0e","devicefingerprint":"dee75a039b0174fdd0a2f040479af55b","cycle":"one-time","amount":10,"currency":"NGN","chargedamount":10,"appfee":0.28,"merchantfee":0,"merchantbearsfee":1,"chargecode":"00","chargemessage":"Please enter the OTP sent to your mobile number 080****** and email te**@rave**.com","authmodel":"PIN","ip":"41.58.117.16","narration":"CARD Transaction ","status":"successful","vbvcode":"00","vbvmessage":"successful","authurl":"N\/A","acctcode":null,"acctmessage":null,"paymenttype":"card","paymentid":"1394","fraudstatus":"ok","chargetype":"normal","createdday":0,"createddayname":"SUNDAY","createdweek":18,"createdmonth":4,"createdmonthname":"MAY","createdquarter":2,"createdyear":2020,"createdyearisleap":true,"createddayispublicholiday":0,"createdhour":17,"createdminute":45,"createdpmam":"pm","created":"2020-05-03T17:45:49.000Z","customerid":372583,"custphone":null,"custnetworkprovider":"N\/A","custname":"First Patient","custemail":"firstpatient@gmail.com","custemailprovider":"GMAIL","custcreated":"2020-05-03T17:45:48.000Z","accountid":107388,"acctbusinessname":"ogunsola","acctcontactperson":"USMAN ADEBAYO OGUNSOLA","acctcountry":"NG","acctbearsfeeattransactiontime":1,"acctparent":2410,"acctvpcmerchant":"N\/A","acctalias":null,"acctisliveapproved":0,"orderref":"URF_1588527949387_3559735","paymentplan":null,"paymentpage":null,"raveref":"RV31588527947853861E050AB3","amountsettledforthistransaction":9.72} [] []
[2020-05-03T19:33:41.816634+00:00] flutterwave/rave.NOTICE: Generating Reference Number.... [] []
[2020-05-03T19:33:41.821761+00:00] flutterwave/rave.NOTICE: Generated Reference Number....Ogunsola_5eaf1c95c89ec [] []
[2020-05-03T19:33:41.821845+00:00] flutterwave/rave.NOTICE: Rave Class Initializes.... [] []
[2020-05-03T19:33:41.854568+00:00] flutterwave/rave.NOTICE: Generating Checksum.... [] []
[2020-05-03T19:34:34.455200+00:00] flutterwave/rave.NOTICE: Generating Reference Number.... [] []
[2020-05-03T19:34:34.460669+00:00] flutterwave/rave.NOTICE: Generated Reference Number....Ogunsola_5eaf1cca70763 [] []
[2020-05-03T19:34:34.460775+00:00] flutterwave/rave.NOTICE: Rave Class Initializes.... [] []
[2020-05-03T19:34:34.482166+00:00] flutterwave/rave.NOTICE: Payment completed. Now requerying payment. [] []
[2020-05-03T19:34:34.482288+00:00] flutterwave/rave.NOTICE: Requerying Transaction....Ogunsola_5eaf1c95c89ec [] []
[2020-05-03T19:34:36.094380+00:00] flutterwave/rave.NOTICE: Requeryed a successful transaction....{"txid":1260145,"txref":"Ogunsola_5eaf1c95c89ec","flwref":"FLW-MOCK-09d6d88631f032d49fa1334796ff3c59","devicefingerprint":"dee75a039b0174fdd0a2f040479af55b","cycle":"one-time","amount":10,"currency":"NGN","chargedamount":10,"appfee":0.28,"merchantfee":0,"merchantbearsfee":1,"chargecode":"00","chargemessage":"Please enter the OTP sent to your mobile number 080****** and email te**@rave**.com","authmodel":"PIN","ip":"41.58.247.203","narration":"CARD Transaction ","status":"successful","vbvcode":"00","vbvmessage":"successful","authurl":"N\/A","acctcode":null,"acctmessage":null,"paymenttype":"card","paymentid":"1394","fraudstatus":"ok","chargetype":"normal","createdday":0,"createddayname":"SUNDAY","createdweek":18,"createdmonth":4,"createdmonthname":"MAY","createdquarter":2,"createdyear":2020,"createdyearisleap":true,"createddayispublicholiday":0,"createdhour":19,"createdminute":34,"createdpmam":"pm","created":"2020-05-03T19:34:23.000Z","customerid":372650,"custphone":null,"custnetworkprovider":"N\/A","custname":"First Patient","custemail":"firstpatient@gmail.com","custemailprovider":"GMAIL","custcreated":"2020-05-03T19:34:22.000Z","accountid":107388,"acctbusinessname":"ogunsola","acctcontactperson":"USMAN ADEBAYO OGUNSOLA","acctcountry":"NG","acctbearsfeeattransactiontime":1,"acctparent":2410,"acctvpcmerchant":"N\/A","acctalias":null,"acctisliveapproved":0,"orderref":"URF_1588534463307_8436035","paymentplan":null,"paymentpage":null,"raveref":"RV315885344620962FDEE5AD57","amountsettledforthistransaction":9.72} [] []
[2020-05-03T19:53:23.105647+00:00] flutterwave/rave.NOTICE: Generating Reference Number.... [] []
[2020-05-03T19:53:23.113302+00:00] flutterwave/rave.NOTICE: Generated Reference Number....Ogunsola_5eaf21331ba7e [] []
[2020-05-03T19:53:23.113394+00:00] flutterwave/rave.NOTICE: Rave Class Initializes.... [] []
[2020-05-03T19:53:23.134490+00:00] flutterwave/rave.NOTICE: Payment completed. Now requerying payment. [] []
[2020-05-03T19:53:23.134611+00:00] flutterwave/rave.NOTICE: Requerying Transaction....Ogunsola_5eaf1c95c89ec [] []
[2020-05-03T19:54:58.833759+00:00] flutterwave/rave.NOTICE: Generating Reference Number.... [] []
[2020-05-03T19:54:58.837257+00:00] flutterwave/rave.NOTICE: Generated Reference Number....Ogunsola_5eaf2192cc672 [] []
[2020-05-03T19:54:58.837351+00:00] flutterwave/rave.NOTICE: Rave Class Initializes.... [] []
[2020-05-03T19:54:58.871919+00:00] flutterwave/rave.NOTICE: Generating Checksum.... [] []
[2020-05-03T19:55:48.377740+00:00] flutterwave/rave.NOTICE: Generating Reference Number.... [] []
[2020-05-03T19:55:48.381514+00:00] flutterwave/rave.NOTICE: Generated Reference Number....Ogunsola_5eaf21c45d236 [] []
[2020-05-03T19:55:48.381597+00:00] flutterwave/rave.NOTICE: Rave Class Initializes.... [] []
[2020-05-03T19:55:48.401426+00:00] flutterwave/rave.NOTICE: Payment completed. Now requerying payment. [] []
[2020-05-03T19:55:48.401562+00:00] flutterwave/rave.NOTICE: Requerying Transaction....Ogunsola_5eaf2192cc672 [] []
[2020-05-03T19:55:49.639536+00:00] flutterwave/rave.NOTICE: Requeryed a successful transaction....{"txid":1260164,"txref":"Ogunsola_5eaf2192cc672","flwref":"FLW-MOCK-7566236b62e3c1e9eebb516cd5b83f62","devicefingerprint":"dee75a039b0174fdd0a2f040479af55b","cycle":"one-time","amount":10,"currency":"NGN","chargedamount":10,"appfee":0.28,"merchantfee":0,"merchantbearsfee":1,"chargecode":"00","chargemessage":"Please enter the OTP sent to your mobile number 080****** and email te**@rave**.com","authmodel":"PIN","ip":"41.58.247.203","narration":"CARD Transaction ","status":"successful","vbvcode":"00","vbvmessage":"successful","authurl":"N\/A","acctcode":null,"acctmessage":null,"paymenttype":"card","paymentid":"1394","fraudstatus":"ok","chargetype":"normal","createdday":0,"createddayname":"SUNDAY","createdweek":18,"createdmonth":4,"createdmonthname":"MAY","createdquarter":2,"createdyear":2020,"createdyearisleap":true,"createddayispublicholiday":0,"createdhour":19,"createdminute":55,"createdpmam":"pm","created":"2020-05-03T19:55:35.000Z","customerid":372659,"custphone":null,"custnetworkprovider":"N\/A","custname":"First Patient","custemail":"firstpatient@gmail.com","custemailprovider":"GMAIL","custcreated":"2020-05-03T19:55:35.000Z","accountid":107388,"acctbusinessname":"ogunsola","acctcontactperson":"USMAN ADEBAYO OGUNSOLA","acctcountry":"NG","acctbearsfeeattransactiontime":1,"acctparent":2410,"acctvpcmerchant":"N\/A","acctalias":null,"acctisliveapproved":0,"orderref":"URF_1588535735827_6486635","paymentplan":null,"paymentpage":null,"raveref":"RV31588535734583ED1803842D","amountsettledforthistransaction":9.72} [] []
[2020-05-03T21:01:57.367435+00:00] flutterwave/rave.NOTICE: Generating Reference Number.... [] []
[2020-05-03T21:01:57.372528+00:00] flutterwave/rave.NOTICE: Generated Reference Number....Ogunsola_5eaf31455af1a [] []
[2020-05-03T21:01:57.372613+00:00] flutterwave/rave.NOTICE: Rave Class Initializes.... [] []
[2020-05-03T21:01:57.411360+00:00] flutterwave/rave.NOTICE: Generating Checksum.... [] []
[2020-05-03T21:02:55.293124+00:00] flutterwave/rave.NOTICE: Generating Reference Number.... [] []
[2020-05-03T21:02:55.296705+00:00] flutterwave/rave.NOTICE: Generated Reference Number....Ogunsola_5eaf317f486e7 [] []
[2020-05-03T21:02:55.296831+00:00] flutterwave/rave.NOTICE: Rave Class Initializes.... [] []
[2020-05-03T21:02:55.321589+00:00] flutterwave/rave.NOTICE: Payment completed. Now requerying payment. [] []
[2020-05-03T21:02:55.321712+00:00] flutterwave/rave.NOTICE: Requerying Transaction....Ogunsola_5eaf31455af1a [] []
[2020-05-03T21:02:56.653833+00:00] flutterwave/rave.NOTICE: Requeryed a successful transaction....{"txid":1260278,"txref":"Ogunsola_5eaf31455af1a","flwref":"FLW-MOCK-702ee258a57d12f0fb1a5cd58d5e6159","devicefingerprint":"dee75a039b0174fdd0a2f040479af55b","cycle":"one-time","amount":10,"currency":"NGN","chargedamount":10,"appfee":0.28,"merchantfee":0,"merchantbearsfee":1,"chargecode":"00","chargemessage":"Please enter the OTP sent to your mobile number 080****** and email te**@rave**.com","authmodel":"PIN","ip":"41.58.247.203","narration":"CARD Transaction ","status":"successful","vbvcode":"00","vbvmessage":"successful","authurl":"N\/A","acctcode":null,"acctmessage":null,"paymenttype":"card","paymentid":"1394","fraudstatus":"ok","chargetype":"normal","createdday":0,"createddayname":"SUNDAY","createdweek":18,"createdmonth":4,"createdmonthname":"MAY","createdquarter":2,"createdyear":2020,"createdyearisleap":true,"createddayispublicholiday":0,"createdhour":21,"createdminute":2,"createdpmam":"pm","created":"2020-05-03T21:02:42.000Z","customerid":372700,"custphone":null,"custnetworkprovider":"N\/A","custname":"First Patient","custemail":"firstpatient@gmail.com","custemailprovider":"GMAIL","custcreated":"2020-05-03T21:02:42.000Z","accountid":107388,"acctbusinessname":"ogunsola","acctcontactperson":"USMAN ADEBAYO OGUNSOLA","acctcountry":"NG","acctbearsfeeattransactiontime":1,"acctparent":2410,"acctvpcmerchant":"N\/A","acctalias":null,"acctisliveapproved":0,"orderref":"URF_1588539762939_370935","paymentplan":null,"paymentpage":null,"raveref":"RV315885397618027D20F6D5DE","amountsettledforthistransaction":9.72} [] []
[2020-05-03T22:28:09.162435+00:00] flutterwave/rave.NOTICE: Generating Reference Number.... [] []
[2020-05-03T22:28:09.168055+00:00] flutterwave/rave.NOTICE: Generated Reference Number....Ogunsola_5eaf45792903b [] []
[2020-05-03T22:28:09.168428+00:00] flutterwave/rave.NOTICE: Rave Class Initializes.... [] []
[2020-05-03T22:28:09.212693+00:00] flutterwave/rave.NOTICE: Generating Checksum.... [] []
[2020-05-03T22:28:23.132815+00:00] flutterwave/rave.NOTICE: Generating Reference Number.... [] []
[2020-05-03T22:28:23.137493+00:00] flutterwave/rave.NOTICE: Generated Reference Number....Ogunsola_5eaf458721900 [] []
[2020-05-03T22:28:23.137574+00:00] flutterwave/rave.NOTICE: Rave Class Initializes.... [] []
[2020-05-03T22:28:23.147030+00:00] flutterwave/rave.NOTICE: Requerying Transaction....Ogunsola_5eaf45792903b [] []
[2020-05-03T22:37:52.168998+00:00] flutterwave/rave.NOTICE: Generating Reference Number.... [] []
[2020-05-03T22:37:52.172930+00:00] flutterwave/rave.NOTICE: Generated Reference Number....Ogunsola_5eaf47c02a365 [] []
[2020-05-03T22:37:52.173069+00:00] flutterwave/rave.NOTICE: Rave Class Initializes.... [] []
[2020-05-03T22:37:52.185790+00:00] flutterwave/rave.NOTICE: Requerying Transaction....Ogunsola_5eaf45792903b [] []
[2020-05-03T22:38:50.206857+00:00] flutterwave/rave.NOTICE: Generating Reference Number.... [] []
[2020-05-03T22:38:50.210822+00:00] flutterwave/rave.NOTICE: Generated Reference Number....Ogunsola_5eaf47fa33770 [] []
[2020-05-03T22:38:50.210907+00:00] flutterwave/rave.NOTICE: Rave Class Initializes.... [] []
[2020-05-03T22:38:50.220741+00:00] flutterwave/rave.NOTICE: Requerying Transaction....Ogunsola_5eaf45792903b [] []
[2020-05-03T22:39:22.844771+00:00] flutterwave/rave.NOTICE: Generating Reference Number.... [] []
[2020-05-03T22:39:22.849004+00:00] flutterwave/rave.NOTICE: Generated Reference Number....Ogunsola_5eaf481acf44f [] []
[2020-05-03T22:39:22.849134+00:00] flutterwave/rave.NOTICE: Rave Class Initializes.... [] []
[2020-05-03T22:39:22.883296+00:00] flutterwave/rave.NOTICE: Generating Checksum.... [] []
[2020-05-03T22:39:42.432194+00:00] flutterwave/rave.NOTICE: Generating Reference Number.... [] []
[2020-05-03T22:39:42.435269+00:00] flutterwave/rave.NOTICE: Generated Reference Number....Ogunsola_5eaf482e6a434 [] []
[2020-05-03T22:39:42.435349+00:00] flutterwave/rave.NOTICE: Rave Class Initializes.... [] []
[2020-05-03T22:39:42.447490+00:00] flutterwave/rave.NOTICE: Requerying Transaction....Ogunsola_5eaf481acf44f [] []
[2020-05-03T22:42:41.612849+00:00] flutterwave/rave.NOTICE: Generating Reference Number.... [] []
[2020-05-03T22:42:41.616764+00:00] flutterwave/rave.NOTICE: Generated Reference Number....Ogunsola_5eaf48e19691c [] []
[2020-05-03T22:42:41.616907+00:00] flutterwave/rave.NOTICE: Rave Class Initializes.... [] []
[2020-05-03T22:42:41.631141+00:00] flutterwave/rave.NOTICE: Requerying Transaction....Ogunsola_5eaf481acf44f [] []
[2020-05-03T22:43:09.392271+00:00] flutterwave/rave.NOTICE: Generating Reference Number.... [] []
[2020-05-03T22:43:09.395402+00:00] flutterwave/rave.NOTICE: Generated Reference Number....Ogunsola_5eaf48fd60877 [] []
[2020-05-03T22:43:09.395484+00:00] flutterwave/rave.NOTICE: Rave Class Initializes.... [] []
[2020-05-03T22:43:09.429537+00:00] flutterwave/rave.NOTICE: Generating Checksum.... [] []
[2020-05-03T22:43:23.432608+00:00] flutterwave/rave.NOTICE: Generating Reference Number.... [] []
[2020-05-03T22:43:23.437187+00:00] flutterwave/rave.NOTICE: Generated Reference Number....Ogunsola_5eaf490b6abad [] []
[2020-05-03T22:43:23.437277+00:00] flutterwave/rave.NOTICE: Rave Class Initializes.... [] []
[2020-05-03T22:43:23.447563+00:00] flutterwave/rave.NOTICE: Requerying Transaction....Ogunsola_5eaf48fd60877 [] []
[2020-05-03T22:44:05.198732+00:00] flutterwave/rave.NOTICE: Generating Reference Number.... [] []
[2020-05-03T22:44:05.203391+00:00] flutterwave/rave.NOTICE: Generated Reference Number....Ogunsola_5eaf493531a65 [] []
[2020-05-03T22:44:05.203501+00:00] flutterwave/rave.NOTICE: Rave Class Initializes.... [] []
[2020-05-03T22:44:05.212413+00:00] flutterwave/rave.NOTICE: Requerying Transaction....Ogunsola_5eaf48fd60877 [] []
[2020-05-03T22:44:18.335364+00:00] flutterwave/rave.NOTICE: Generating Reference Number.... [] []
[2020-05-03T22:44:18.340093+00:00] flutterwave/rave.NOTICE: Generated Reference Number....Ogunsola_5eaf494253068 [] []
[2020-05-03T22:44:18.340180+00:00] flutterwave/rave.NOTICE: Rave Class Initializes.... [] []
[2020-05-03T22:44:18.373416+00:00] flutterwave/rave.NOTICE: Generating Checksum.... [] []
[2020-05-03T22:44:30.834640+00:00] flutterwave/rave.NOTICE: Generating Reference Number.... [] []
[2020-05-03T22:44:30.838341+00:00] flutterwave/rave.NOTICE: Generated Reference Number....Ogunsola_5eaf494eccab1 [] []
[2020-05-03T22:44:30.838428+00:00] flutterwave/rave.NOTICE: Rave Class Initializes.... [] []
[2020-05-03T22:44:30.848103+00:00] flutterwave/rave.NOTICE: Requerying Transaction....Ogunsola_5eaf494253068 [] []
[2020-05-03T22:45:45.977851+00:00] flutterwave/rave.NOTICE: Generating Reference Number.... [] []
[2020-05-03T22:45:45.981769+00:00] flutterwave/rave.NOTICE: Generated Reference Number....Ogunsola_5eaf4999efaf0 [] []
[2020-05-03T22:45:45.981955+00:00] flutterwave/rave.NOTICE: Rave Class Initializes.... [] []
[2020-05-03T22:45:45.992333+00:00] flutterwave/rave.NOTICE: Requerying Transaction....Ogunsola_5eaf494253068 [] []
[2020-05-03T22:45:47.294337+00:00] flutterwave/rave.NOTICE: delaying next requery for 3 seconds [] []
[2020-05-03T22:45:50.294883+00:00] flutterwave/rave.NOTICE: Now retrying requery... [] []
[2020-05-03T22:45:50.295018+00:00] flutterwave/rave.NOTICE: Requerying Transaction....Ogunsola_5eaf494253068 [] []
[2020-05-03T22:45:51.706424+00:00] flutterwave/rave.NOTICE: delaying next requery for 3 seconds [] []
[2020-05-03T22:45:54.706921+00:00] flutterwave/rave.NOTICE: Now retrying requery... [] []
[2020-05-03T22:45:54.707062+00:00] flutterwave/rave.NOTICE: Requerying Transaction....Ogunsola_5eaf494253068 [] []
[2020-05-03T22:45:55.914297+00:00] flutterwave/rave.NOTICE: delaying next requery for 3 seconds [] []
[2020-05-03T22:45:58.915051+00:00] flutterwave/rave.NOTICE: Now retrying requery... [] []
[2020-05-03T22:45:58.915296+00:00] flutterwave/rave.NOTICE: Requerying Transaction....Ogunsola_5eaf494253068 [] []
[2020-05-03T22:46:00.554516+00:00] flutterwave/rave.NOTICE: delaying next requery for 3 seconds [] []
[2020-05-03T22:46:03.555410+00:00] flutterwave/rave.NOTICE: Now retrying requery... [] []
[2020-05-03T22:46:03.555572+00:00] flutterwave/rave.NOTICE: Requerying Transaction....Ogunsola_5eaf494253068 [] []
[2020-05-03T22:46:04.859709+00:00] flutterwave/rave.NOTICE: Payment was canceled by user..Ogunsola_5eaf494253068 [] []
[2020-05-03T22:46:53.834393+00:00] flutterwave/rave.NOTICE: Generating Reference Number.... [] []
[2020-05-03T22:46:53.839148+00:00] flutterwave/rave.NOTICE: Generated Reference Number....Ogunsola_5eaf49ddccdd7 [] []
[2020-05-03T22:46:53.839234+00:00] flutterwave/rave.NOTICE: Rave Class Initializes.... [] []
[2020-05-03T22:46:53.873273+00:00] flutterwave/rave.NOTICE: Generating Checksum.... [] []
[2020-05-03T22:47:06.441663+00:00] flutterwave/rave.NOTICE: Generating Reference Number.... [] []
[2020-05-03T22:47:06.444733+00:00] flutterwave/rave.NOTICE: Generated Reference Number....Ogunsola_5eaf49ea6c92c [] []
[2020-05-03T22:47:06.444814+00:00] flutterwave/rave.NOTICE: Rave Class Initializes.... [] []
[2020-05-03T22:47:06.457083+00:00] flutterwave/rave.NOTICE: Requerying Transaction....Ogunsola_5eaf49ddccdd7 [] []
[2020-05-03T22:47:07.696977+00:00] flutterwave/rave.NOTICE: delaying next requery for 3 seconds [] []
[2020-05-03T22:47:10.697558+00:00] flutterwave/rave.NOTICE: Now retrying requery... [] []
[2020-05-03T22:47:10.697747+00:00] flutterwave/rave.NOTICE: Requerying Transaction....Ogunsola_5eaf49ddccdd7 [] []
[2020-05-03T22:47:12.459143+00:00] flutterwave/rave.NOTICE: delaying next requery for 3 seconds [] []
[2020-05-03T22:47:15.460260+00:00] flutterwave/rave.NOTICE: Now retrying requery... [] []
[2020-05-03T22:47:15.460404+00:00] flutterwave/rave.NOTICE: Requerying Transaction....Ogunsola_5eaf49ddccdd7 [] []
[2020-05-03T22:47:16.749143+00:00] flutterwave/rave.NOTICE: delaying next requery for 3 seconds [] []
[2020-05-03T22:47:19.750080+00:00] flutterwave/rave.NOTICE: Now retrying requery... [] []
[2020-05-03T22:47:19.750230+00:00] flutterwave/rave.NOTICE: Requerying Transaction....Ogunsola_5eaf49ddccdd7 [] []
[2020-05-03T22:47:22.444267+00:00] flutterwave/rave.NOTICE: delaying next requery for 3 seconds [] []
[2020-05-03T22:47:25.444605+00:00] flutterwave/rave.NOTICE: Now retrying requery... [] []
[2020-05-03T22:47:25.444748+00:00] flutterwave/rave.NOTICE: Requerying Transaction....Ogunsola_5eaf49ddccdd7 [] []
[2020-05-03T22:47:26.625502+00:00] flutterwave/rave.NOTICE: Payment was canceled by user..Ogunsola_5eaf49ddccdd7 [] []
[2020-05-03T23:09:14.735734+00:00] flutterwave/rave.NOTICE: Generating Reference Number.... [] []
[2020-05-03T23:09:14.739422+00:00] flutterwave/rave.NOTICE: Generated Reference Number....Ogunsola_5eaf4f1ab484c [] []
[2020-05-03T23:09:14.739502+00:00] flutterwave/rave.NOTICE: Rave Class Initializes.... [] []
[2020-05-03T23:09:14.775883+00:00] flutterwave/rave.NOTICE: Generating Checksum.... [] []
[2020-05-03T23:09:27.126337+00:00] flutterwave/rave.NOTICE: Generating Reference Number.... [] []
[2020-05-03T23:09:27.130293+00:00] flutterwave/rave.NOTICE: Generated Reference Number....Ogunsola_5eaf4f271fcdc [] []
[2020-05-03T23:09:27.130390+00:00] flutterwave/rave.NOTICE: Rave Class Initializes.... [] []
[2020-05-03T23:09:27.140183+00:00] flutterwave/rave.NOTICE: Requerying Transaction....Ogunsola_5eaf4f1ab484c [] []
[2020-05-03T23:09:28.333719+00:00] flutterwave/rave.NOTICE: delaying next requery for 3 seconds [] []
[2020-05-03T23:09:31.334269+00:00] flutterwave/rave.NOTICE: Now retrying requery... [] []
[2020-05-03T23:09:31.334454+00:00] flutterwave/rave.NOTICE: Requerying Transaction....Ogunsola_5eaf4f1ab484c [] []
[2020-05-03T23:09:32.442768+00:00] flutterwave/rave.NOTICE: delaying next requery for 3 seconds [] []
[2020-05-03T23:09:35.443567+00:00] flutterwave/rave.NOTICE: Now retrying requery... [] []
[2020-05-03T23:09:35.443723+00:00] flutterwave/rave.NOTICE: Requerying Transaction....Ogunsola_5eaf4f1ab484c [] []
[2020-05-03T23:09:36.934947+00:00] flutterwave/rave.NOTICE: delaying next requery for 3 seconds [] []
[2020-05-03T23:09:39.936341+00:00] flutterwave/rave.NOTICE: Now retrying requery... [] []
[2020-05-03T23:09:39.936641+00:00] flutterwave/rave.NOTICE: Requerying Transaction....Ogunsola_5eaf4f1ab484c [] []
[2020-05-03T23:09:41.476269+00:00] flutterwave/rave.NOTICE: delaying next requery for 3 seconds [] []
[2020-05-03T23:09:44.476973+00:00] flutterwave/rave.NOTICE: Now retrying requery... [] []
[2020-05-03T23:09:44.477111+00:00] flutterwave/rave.NOTICE: Requerying Transaction....Ogunsola_5eaf4f1ab484c [] []
[2020-05-03T23:09:45.952951+00:00] flutterwave/rave.NOTICE: Payment was canceled by user..Ogunsola_5eaf4f1ab484c [] []
[2020-05-03T23:14:03.696915+00:00] flutterwave/rave.NOTICE: Generating Reference Number.... [] []
[2020-05-03T23:14:03.700716+00:00] flutterwave/rave.NOTICE: Generated Reference Number....Ogunsola_5eaf503bab118 [] []
[2020-05-03T23:14:03.700799+00:00] flutterwave/rave.NOTICE: Rave Class Initializes.... [] []
[2020-05-03T23:14:03.736622+00:00] flutterwave/rave.NOTICE: Generating Checksum.... [] []
[2020-05-03T23:14:18.208822+00:00] flutterwave/rave.NOTICE: Generating Reference Number.... [] []
[2020-05-03T23:14:18.212821+00:00] flutterwave/rave.NOTICE: Generated Reference Number....Ogunsola_5eaf504a33f3b [] []
[2020-05-03T23:14:18.212953+00:00] flutterwave/rave.NOTICE: Rave Class Initializes.... [] []
[2020-05-03T23:14:18.224264+00:00] flutterwave/rave.NOTICE: Requerying Transaction....Ogunsola_5eaf503bab118 [] []
[2020-05-03T23:14:19.458511+00:00] flutterwave/rave.NOTICE: delaying next requery for 3 seconds [] []
[2020-05-03T23:14:22.458943+00:00] flutterwave/rave.NOTICE: Now retrying requery... [] []
[2020-05-03T23:14:22.459090+00:00] flutterwave/rave.NOTICE: Requerying Transaction....Ogunsola_5eaf503bab118 [] []
[2020-05-03T23:14:23.628559+00:00] flutterwave/rave.NOTICE: delaying next requery for 3 seconds [] []
[2020-05-03T23:14:26.629710+00:00] flutterwave/rave.NOTICE: Now retrying requery... [] []
[2020-05-03T23:14:26.629866+00:00] flutterwave/rave.NOTICE: Requerying Transaction....Ogunsola_5eaf503bab118 [] []
[2020-05-03T23:14:28.107573+00:00] flutterwave/rave.NOTICE: delaying next requery for 3 seconds [] []
[2020-05-03T23:14:31.107798+00:00] flutterwave/rave.NOTICE: Now retrying requery... [] []
[2020-05-03T23:14:31.107940+00:00] flutterwave/rave.NOTICE: Requerying Transaction....Ogunsola_5eaf503bab118 [] []
[2020-05-03T23:14:32.482526+00:00] flutterwave/rave.NOTICE: delaying next requery for 3 seconds [] []
[2020-05-03T23:14:35.483064+00:00] flutterwave/rave.NOTICE: Now retrying requery... [] []
[2020-05-03T23:14:35.483199+00:00] flutterwave/rave.NOTICE: Requerying Transaction....Ogunsola_5eaf503bab118 [] []
[2020-05-03T23:14:37.142581+00:00] flutterwave/rave.NOTICE: Payment was canceled by user..Ogunsola_5eaf503bab118 [] []
[2020-05-03T23:17:49.876208+00:00] flutterwave/rave.NOTICE: Generating Reference Number.... [] []
[2020-05-03T23:17:49.879988+00:00] flutterwave/rave.NOTICE: Generated Reference Number....Ogunsola_5eaf511dd6d5f [] []
[2020-05-03T23:17:49.880070+00:00] flutterwave/rave.NOTICE: Rave Class Initializes.... [] []
[2020-05-03T23:17:49.977099+00:00] flutterwave/rave.NOTICE: Generating Checksum.... [] []
[2020-05-03T23:18:03.814901+00:00] flutterwave/rave.NOTICE: Generating Reference Number.... [] []
[2020-05-03T23:18:03.819591+00:00] flutterwave/rave.NOTICE: Generated Reference Number....Ogunsola_5eaf512bc8170 [] []
[2020-05-03T23:18:03.819690+00:00] flutterwave/rave.NOTICE: Rave Class Initializes.... [] []
[2020-05-03T23:18:03.829336+00:00] flutterwave/rave.NOTICE: Requerying Transaction....Ogunsola_5eaf511dd6d5f [] []
[2020-05-03T23:18:05.058632+00:00] flutterwave/rave.NOTICE: delaying next requery for 3 seconds [] []
[2020-05-03T23:18:08.059477+00:00] flutterwave/rave.NOTICE: Now retrying requery... [] []
[2020-05-03T23:18:08.059630+00:00] flutterwave/rave.NOTICE: Requerying Transaction....Ogunsola_5eaf511dd6d5f [] []
[2020-05-03T23:18:09.227709+00:00] flutterwave/rave.NOTICE: delaying next requery for 3 seconds [] []
[2020-05-03T23:18:12.228745+00:00] flutterwave/rave.NOTICE: Now retrying requery... [] []
[2020-05-03T23:18:12.228892+00:00] flutterwave/rave.NOTICE: Requerying Transaction....Ogunsola_5eaf511dd6d5f [] []
[2020-05-03T23:18:13.790766+00:00] flutterwave/rave.NOTICE: delaying next requery for 3 seconds [] []
[2020-05-03T23:18:16.791530+00:00] flutterwave/rave.NOTICE: Now retrying requery... [] []
[2020-05-03T23:18:16.791673+00:00] flutterwave/rave.NOTICE: Requerying Transaction....Ogunsola_5eaf511dd6d5f [] []
[2020-05-03T23:18:18.021704+00:00] flutterwave/rave.NOTICE: delaying next requery for 3 seconds [] []
[2020-05-03T23:18:21.022442+00:00] flutterwave/rave.NOTICE: Now retrying requery... [] []
[2020-05-03T23:18:21.022602+00:00] flutterwave/rave.NOTICE: Requerying Transaction....Ogunsola_5eaf511dd6d5f [] []
[2020-05-03T23:18:22.285938+00:00] flutterwave/rave.NOTICE: Payment was canceled by user..Ogunsola_5eaf511dd6d5f [] []
[2020-05-03T23:21:05.411814+00:00] flutterwave/rave.NOTICE: Generating Reference Number.... [] []
[2020-05-03T23:21:05.418063+00:00] flutterwave/rave.NOTICE: Generated Reference Number....Ogunsola_5eaf51e1660ee [] []
[2020-05-03T23:21:05.418227+00:00] flutterwave/rave.NOTICE: Rave Class Initializes.... [] []
[2020-05-03T23:21:05.456293+00:00] flutterwave/rave.NOTICE: Generating Checksum.... [] []
[2020-05-03T23:21:19.111621+00:00] flutterwave/rave.NOTICE: Generating Reference Number.... [] []
[2020-05-03T23:21:19.118098+00:00] flutterwave/rave.NOTICE: Generated Reference Number....Ogunsola_5eaf51ef1cd32 [] []
[2020-05-03T23:21:19.118327+00:00] flutterwave/rave.NOTICE: Rave Class Initializes.... [] []
[2020-05-03T23:21:19.139564+00:00] flutterwave/rave.NOTICE: Requerying Transaction....Ogunsola_5eaf51e1660ee [] []
[2020-05-03T23:21:20.705981+00:00] flutterwave/rave.NOTICE: delaying next requery for 3 seconds [] []
[2020-05-03T23:21:23.706787+00:00] flutterwave/rave.NOTICE: Now retrying requery... [] []
[2020-05-03T23:21:23.706925+00:00] flutterwave/rave.NOTICE: Requerying Transaction....Ogunsola_5eaf51e1660ee [] []
[2020-05-03T23:21:24.990036+00:00] flutterwave/rave.NOTICE: delaying next requery for 3 seconds [] []
[2020-05-03T23:21:27.990469+00:00] flutterwave/rave.NOTICE: Now retrying requery... [] []
[2020-05-03T23:21:27.990619+00:00] flutterwave/rave.NOTICE: Requerying Transaction....Ogunsola_5eaf51e1660ee [] []
[2020-05-03T23:21:29.434930+00:00] flutterwave/rave.NOTICE: delaying next requery for 3 seconds [] []
[2020-05-03T23:21:32.435930+00:00] flutterwave/rave.NOTICE: Now retrying requery... [] []
[2020-05-03T23:21:32.436062+00:00] flutterwave/rave.NOTICE: Requerying Transaction....Ogunsola_5eaf51e1660ee [] []
[2020-05-03T23:21:33.572645+00:00] flutterwave/rave.NOTICE: delaying next requery for 3 seconds [] []
[2020-05-03T23:21:36.572867+00:00] flutterwave/rave.NOTICE: Now retrying requery... [] []
[2020-05-03T23:21:36.573007+00:00] flutterwave/rave.NOTICE: Requerying Transaction....Ogunsola_5eaf51e1660ee [] []
[2020-05-03T23:21:38.014303+00:00] flutterwave/rave.NOTICE: Payment was canceled by user..Ogunsola_5eaf51e1660ee [] []
[2020-05-03T23:36:05.827391+00:00] flutterwave/rave.NOTICE: Generating Reference Number.... [] []
[2020-05-03T23:36:05.831441+00:00] flutterwave/rave.NOTICE: Generated Reference Number....Ogunsola_5eaf5565cafb5 [] []
[2020-05-03T23:36:05.831584+00:00] flutterwave/rave.NOTICE: Rave Class Initializes.... [] []
[2020-05-03T23:37:33.279394+00:00] flutterwave/rave.NOTICE: Generating Reference Number.... [] []
[2020-05-03T23:37:33.284467+00:00] flutterwave/rave.NOTICE: Generated Reference Number....Ogunsola_5eaf55bd4571b [] []
[2020-05-03T23:37:33.284556+00:00] flutterwave/rave.NOTICE: Rave Class Initializes.... [] []
[2020-05-03T23:37:33.315288+00:00] flutterwave/rave.NOTICE: Generating Checksum.... [] []
[2020-05-03T23:37:57.455758+00:00] flutterwave/rave.NOTICE: Generating Reference Number.... [] []
[2020-05-03T23:37:57.458822+00:00] flutterwave/rave.NOTICE: Generated Reference Number....Ogunsola_5eaf55d570032 [] []
[2020-05-03T23:37:57.458928+00:00] flutterwave/rave.NOTICE: Rave Class Initializes.... [] []
[2020-05-03T23:37:57.493600+00:00] flutterwave/rave.NOTICE: Generating Checksum.... [] []
[2020-05-03T23:45:51.724138+00:00] flutterwave/rave.NOTICE: Generating Reference Number.... [] []
[2020-05-03T23:45:51.732353+00:00] flutterwave/rave.NOTICE: Generated Reference Number....Ogunsola_5eaf57afb2ca2 [] []
[2020-05-03T23:45:51.732500+00:00] flutterwave/rave.NOTICE: Rave Class Initializes.... [] []
[2020-05-03T23:45:51.782623+00:00] flutterwave/rave.NOTICE: Generating Checksum.... [] []
[2020-05-03T23:49:23.748294+00:00] flutterwave/rave.NOTICE: Generating Reference Number.... [] []
[2020-05-03T23:49:23.752016+00:00] flutterwave/rave.NOTICE: Generated Reference Number....Ogunsola_5eaf5883b797a [] []
[2020-05-03T23:49:23.752130+00:00] flutterwave/rave.NOTICE: Rave Class Initializes.... [] []
[2020-05-03T23:49:23.788011+00:00] flutterwave/rave.NOTICE: Generating Checksum.... [] []
[2020-05-03T23:49:38.043314+00:00] flutterwave/rave.NOTICE: Generating Reference Number.... [] []
[2020-05-03T23:49:38.046728+00:00] flutterwave/rave.NOTICE: Generated Reference Number....Ogunsola_5eaf58920b66e [] []
[2020-05-03T23:49:38.046869+00:00] flutterwave/rave.NOTICE: Rave Class Initializes.... [] []
[2020-05-03T23:49:38.059321+00:00] flutterwave/rave.NOTICE: Requerying Transaction....Ogunsola_5eaf5883b797a [] []
[2020-05-03T23:49:39.480917+00:00] flutterwave/rave.NOTICE: delaying next requery for 3 seconds [] []
[2020-05-03T23:49:42.481250+00:00] flutterwave/rave.NOTICE: Now retrying requery... [] []
[2020-05-03T23:49:42.481488+00:00] flutterwave/rave.NOTICE: Requerying Transaction....Ogunsola_5eaf5883b797a [] []
[2020-05-03T23:49:44.233184+00:00] flutterwave/rave.NOTICE: delaying next requery for 3 seconds [] []
[2020-05-03T23:49:47.233827+00:00] flutterwave/rave.NOTICE: Now retrying requery... [] []
[2020-05-03T23:49:47.233984+00:00] flutterwave/rave.NOTICE: Requerying Transaction....Ogunsola_5eaf5883b797a [] []
[2020-05-03T23:49:48.484360+00:00] flutterwave/rave.NOTICE: delaying next requery for 3 seconds [] []
[2020-05-03T23:49:51.485399+00:00] flutterwave/rave.NOTICE: Now retrying requery... [] []
[2020-05-03T23:49:51.485629+00:00] flutterwave/rave.NOTICE: Requerying Transaction....Ogunsola_5eaf5883b797a [] []
[2020-05-03T23:49:52.588262+00:00] flutterwave/rave.NOTICE: delaying next requery for 3 seconds [] []
[2020-05-03T23:49:55.589397+00:00] flutterwave/rave.NOTICE: Now retrying requery... [] []
[2020-05-03T23:49:55.589540+00:00] flutterwave/rave.NOTICE: Requerying Transaction....Ogunsola_5eaf5883b797a [] []
[2020-05-03T23:49:56.816106+00:00] flutterwave/rave.NOTICE: Payment was canceled by user..Ogunsola_5eaf5883b797a [] []
[2020-05-03T23:52:45.741511+00:00] flutterwave/rave.NOTICE: Generating Reference Number.... [] []
[2020-05-03T23:52:45.745187+00:00] flutterwave/rave.NOTICE: Generated Reference Number....Ogunsola_5eaf594db5ed0 [] []
[2020-05-03T23:52:45.745296+00:00] flutterwave/rave.NOTICE: Rave Class Initializes.... [] []
[2020-05-03T23:52:45.778087+00:00] flutterwave/rave.NOTICE: Generating Checksum.... [] []
[2020-05-03T23:54:39.589525+00:00] flutterwave/rave.NOTICE: Generating Reference Number.... [] []
[2020-05-03T23:54:39.593702+00:00] flutterwave/rave.NOTICE: Generated Reference Number....Ogunsola_5eaf59bf90f0d [] []
[2020-05-03T23:54:39.593791+00:00] flutterwave/rave.NOTICE: Rave Class Initializes.... [] []
[2020-05-03T23:54:39.593920+00:00] flutterwave/rave.NOTICE: Generating Checksum.... [] []
[2020-05-03T23:55:03.771666+00:00] flutterwave/rave.NOTICE: Generating Reference Number.... [] []
[2020-05-03T23:55:03.775433+00:00] flutterwave/rave.NOTICE: Generated Reference Number....Ogunsola_5eaf59d7bd4f3 [] []
[2020-05-03T23:55:03.775514+00:00] flutterwave/rave.NOTICE: Rave Class Initializes.... [] []
[2020-05-03T23:55:03.775587+00:00] flutterwave/rave.NOTICE: Generating Checksum.... [] []
[2020-05-03T23:55:51.520321+00:00] flutterwave/rave.NOTICE: Generating Reference Number.... [] []
[2020-05-03T23:55:51.524220+00:00] flutterwave/rave.NOTICE: Generated Reference Number....Ogunsola_5eaf5a077ffa6 [] []
[2020-05-03T23:55:51.524309+00:00] flutterwave/rave.NOTICE: Rave Class Initializes.... [] []
[2020-05-03T23:55:51.548303+00:00] flutterwave/rave.NOTICE: Payment completed. Now requerying payment. [] []
[2020-05-03T23:55:51.548604+00:00] flutterwave/rave.NOTICE: Requerying Transaction....Ogunsola_5eaf59d7bd4f3 [] []
[2020-05-03T23:55:52.841888+00:00] flutterwave/rave.NOTICE: Requeryed a successful transaction....{"txid":1260559,"txref":"Ogunsola_5eaf59d7bd4f3","flwref":"FLW-MOCK-cd55c3370e55d286075f7d17db2b2a05","devicefingerprint":"dee75a039b0174fdd0a2f040479af55b","cycle":"one-time","amount":10,"currency":"NGN","chargedamount":10,"appfee":0.28,"merchantfee":0,"merchantbearsfee":1,"chargecode":"00","chargemessage":"Please enter the OTP sent to your mobile number 080****** and email te**@rave**.com","authmodel":"PIN","ip":"105.112.37.21","narration":"CARD Transaction ","status":"successful","vbvcode":"00","vbvmessage":"successful","authurl":"N\/A","acctcode":null,"acctmessage":null,"paymenttype":"card","paymentid":"1394","fraudstatus":"ok","chargetype":"normal","createdday":0,"createddayname":"SUNDAY","createdweek":18,"createdmonth":4,"createdmonthname":"MAY","createdquarter":2,"createdyear":2020,"createdyearisleap":true,"createddayispublicholiday":0,"createdhour":23,"createdminute":55,"createdpmam":"pm","created":"2020-05-03T23:55:42.000Z","customerid":372821,"custphone":null,"custnetworkprovider":"N\/A","custname":"First Patient","custemail":"firstpatient@gmail.com","custemailprovider":"GMAIL","custcreated":"2020-05-03T23:55:41.000Z","accountid":107388,"acctbusinessname":"ogunsola","acctcontactperson":"USMAN ADEBAYO OGUNSOLA","acctcountry":"NG","acctbearsfeeattransactiontime":1,"acctparent":2410,"acctvpcmerchant":"N\/A","acctalias":null,"acctisliveapproved":0,"orderref":"URF_1588550142022_5985835","paymentplan":null,"paymentpage":null,"raveref":"RV31588550140878B346B579D5","amountsettledforthistransaction":9.72} [] []
