[2020-05-04T00:02:33.982724+00:00] flutterwave/rave.NOTICE: Generating Reference Number.... [] []
[2020-05-04T00:02:33.987010+00:00] flutterwave/rave.NOTICE: Generated Reference Number....Ogunsola_5eaf5b99f0f43 [] []
[2020-05-04T00:02:33.987241+00:00] flutterwave/rave.NOTICE: Rave Class Initializes.... [] []
[2020-05-04T00:02:33.987422+00:00] flutterwave/rave.NOTICE: Generating Checksum.... [] []
[2020-05-04T00:03:19.225169+00:00] flutterwave/rave.NOTICE: Generating Reference Number.... [] []
[2020-05-04T00:03:19.229298+00:00] flutterwave/rave.NOTICE: Generated Reference Number....Ogunsola_5eaf5bc737f9c [] []
[2020-05-04T00:03:19.229640+00:00] flutterwave/rave.NOTICE: Rave Class Initializes.... [] []
[2020-05-04T00:03:19.252011+00:00] flutterwave/rave.NOTICE: Payment completed. Now requerying payment. [] []
[2020-05-04T00:03:19.252146+00:00] flutterwave/rave.NOTICE: Requerying Transaction....Ogunsola_5eaf5b99f0f43 [] []
[2020-05-04T00:03:20.724715+00:00] flutterwave/rave.NOTICE: Requeryed a successful transaction....{"txid":1260568,"txref":"Ogunsola_5eaf5b99f0f43","flwref":"FLW-MOCK-350b79692b3c42e05599d979e5cdd40f","devicefingerprint":"dee75a039b0174fdd0a2f040479af55b","cycle":"one-time","amount":10,"currency":"NGN","chargedamount":10,"appfee":0.28,"merchantfee":0,"merchantbearsfee":1,"chargecode":"00","chargemessage":"Please enter the OTP sent to your mobile number 080****** and email te**@rave**.com","authmodel":"PIN","ip":"105.112.37.21","narration":"CARD Transaction ","status":"successful","vbvcode":"00","vbvmessage":"successful","authurl":"N\/A","acctcode":null,"acctmessage":null,"paymenttype":"card","paymentid":"1394","fraudstatus":"ok","chargetype":"normal","createdday":1,"createddayname":"MONDAY","createdweek":19,"createdmonth":4,"createdmonthname":"MAY","createdquarter":2,"createdyear":2020,"createdyearisleap":true,"createddayispublicholiday":0,"createdhour":0,"createdminute":3,"createdpmam":"am","created":"2020-05-04T00:03:08.000Z","customerid":372829,"custphone":null,"custnetworkprovider":"N\/A","custname":"First Patient","custemail":"firstpatient@gmail.com","custemailprovider":"GMAIL","custcreated":"2020-05-04T00:03:07.000Z","accountid":107388,"acctbusinessname":"ogunsola","acctcontactperson":"USMAN ADEBAYO OGUNSOLA","acctcountry":"NG","acctbearsfeeattransactiontime":1,"acctparent":2410,"acctvpcmerchant":"N\/A","acctalias":null,"acctisliveapproved":0,"orderref":"URF_1588550588446_2603435","paymentplan":null,"paymentpage":null,"raveref":"RV31588550587290B6DA07F190","amountsettledforthistransaction":9.72} [] []
[2020-05-04T00:04:19.891817+00:00] flutterwave/rave.NOTICE: Generating Reference Number.... [] []
[2020-05-04T00:04:19.895003+00:00] flutterwave/rave.NOTICE: Generated Reference Number....Ogunsola_5eaf5c03da808 [] []
[2020-05-04T00:04:19.895085+00:00] flutterwave/rave.NOTICE: Rave Class Initializes.... [] []
[2020-05-04T00:04:19.895156+00:00] flutterwave/rave.NOTICE: Generating Checksum.... [] []
[2020-05-04T00:05:29.108815+00:00] flutterwave/rave.NOTICE: Generating Reference Number.... [] []
[2020-05-04T00:05:29.114306+00:00] flutterwave/rave.NOTICE: Generated Reference Number....Ogunsola_5eaf5c491be63 [] []
[2020-05-04T00:05:29.114532+00:00] flutterwave/rave.NOTICE: Rave Class Initializes.... [] []
[2020-05-04T00:05:29.135784+00:00] flutterwave/rave.NOTICE: Payment completed. Now requerying payment. [] []
[2020-05-04T00:05:29.135931+00:00] flutterwave/rave.NOTICE: Requerying Transaction....Ogunsola_5eaf5c03da808 [] []
[2020-05-04T00:05:30.364219+00:00] flutterwave/rave.NOTICE: Requeryed a successful transaction....{"txid":1260570,"txref":"Ogunsola_5eaf5c03da808","flwref":"FLW-MOCK-d36a49300adb8c8bb102eea68329b600","devicefingerprint":"dee75a039b0174fdd0a2f040479af55b","cycle":"one-time","amount":10,"currency":"NGN","chargedamount":10,"appfee":0.28,"merchantfee":0,"merchantbearsfee":1,"chargecode":"00","chargemessage":"Please enter the OTP sent to your mobile number 080****** and email te**@rave**.com","authmodel":"PIN","ip":"105.112.37.21","narration":"CARD Transaction ","status":"successful","vbvcode":"00","vbvmessage":"successful","authurl":"N\/A","acctcode":null,"acctmessage":null,"paymenttype":"card","paymentid":"1394","fraudstatus":"ok","chargetype":"normal","createdday":1,"createddayname":"MONDAY","createdweek":19,"createdmonth":4,"createdmonthname":"MAY","createdquarter":2,"createdyear":2020,"createdyearisleap":true,"createddayispublicholiday":0,"createdhour":0,"createdminute":4,"createdpmam":"am","created":"2020-05-04T00:04:47.000Z","customerid":372831,"custphone":null,"custnetworkprovider":"N\/A","custname":"First Patient","custemail":"firstpatient@gmail.com","custemailprovider":"GMAIL","custcreated":"2020-05-04T00:04:47.000Z","accountid":107388,"acctbusinessname":"ogunsola","acctcontactperson":"USMAN ADEBAYO OGUNSOLA","acctcountry":"NG","acctbearsfeeattransactiontime":1,"acctparent":2410,"acctvpcmerchant":"N\/A","acctalias":null,"acctisliveapproved":0,"orderref":"URF_1588550687735_2081035","paymentplan":null,"paymentpage":null,"raveref":"RV31588550686652279E31FEA8","amountsettledforthistransaction":9.72} [] []
[2020-05-04T00:22:59.242221+00:00] flutterwave/rave.NOTICE: Generating Reference Number.... [] []
[2020-05-04T00:22:59.245882+00:00] flutterwave/rave.NOTICE: Generated Reference Number....Ogunsola_5eaf60633c067 [] []
[2020-05-04T00:22:59.245967+00:00] flutterwave/rave.NOTICE: Rave Class Initializes.... [] []
[2020-05-04T00:22:59.246040+00:00] flutterwave/rave.NOTICE: Generating Checksum.... [] []
[2020-05-04T00:23:46.366825+00:00] flutterwave/rave.NOTICE: Generating Reference Number.... [] []
[2020-05-04T00:23:46.372391+00:00] flutterwave/rave.NOTICE: Generated Reference Number....Ogunsola_5eaf60925ae6d [] []
[2020-05-04T00:23:46.372603+00:00] flutterwave/rave.NOTICE: Rave Class Initializes.... [] []
[2020-05-04T00:23:46.399787+00:00] flutterwave/rave.NOTICE: Payment completed. Now requerying payment. [] []
[2020-05-04T00:23:46.400457+00:00] flutterwave/rave.NOTICE: Requerying Transaction....Ogunsola_5eaf60633c067 [] []
[2020-05-04T00:23:48.217049+00:00] flutterwave/rave.NOTICE: Requeryed a successful transaction....{"txid":1260582,"txref":"Ogunsola_5eaf60633c067","flwref":"FLW-MOCK-e6b54ca7b61e64cd2133aa59a4f8d78e","devicefingerprint":"dee75a039b0174fdd0a2f040479af55b","cycle":"one-time","amount":10,"currency":"NGN","chargedamount":10,"appfee":0.28,"merchantfee":0,"merchantbearsfee":1,"chargecode":"00","chargemessage":"Please enter the OTP sent to your mobile number 080****** and email te**@rave**.com","authmodel":"PIN","ip":"105.112.45.252","narration":"CARD Transaction ","status":"successful","vbvcode":"00","vbvmessage":"successful","authurl":"N\/A","acctcode":null,"acctmessage":null,"paymenttype":"card","paymentid":"1394","fraudstatus":"ok","chargetype":"normal","createdday":1,"createddayname":"MONDAY","createdweek":19,"createdmonth":4,"createdmonthname":"MAY","createdquarter":2,"createdyear":2020,"createdyearisleap":true,"createddayispublicholiday":0,"createdhour":0,"createdminute":23,"createdpmam":"am","created":"2020-05-04T00:23:30.000Z","customerid":372840,"custphone":null,"custnetworkprovider":"N\/A","custname":"First Patient","custemail":"firstpatient@gmail.com","custemailprovider":"GMAIL","custcreated":"2020-05-04T00:23:30.000Z","accountid":107388,"acctbusinessname":"ogunsola","acctcontactperson":"USMAN ADEBAYO OGUNSOLA","acctcountry":"NG","acctbearsfeeattransactiontime":1,"acctparent":2410,"acctvpcmerchant":"N\/A","acctalias":null,"acctisliveapproved":0,"orderref":"URF_1588551810603_2853135","paymentplan":null,"paymentpage":null,"raveref":"RV31588551809464BB740529D5","amountsettledforthistransaction":9.72} [] []
[2020-05-04T00:26:41.599274+00:00] flutterwave/rave.NOTICE: Generating Reference Number.... [] []
[2020-05-04T00:26:41.605379+00:00] flutterwave/rave.NOTICE: Generated Reference Number....Ogunsola_5eaf614193cab [] []
[2020-05-04T00:26:41.605472+00:00] flutterwave/rave.NOTICE: Rave Class Initializes.... [] []
[2020-05-04T00:26:41.605560+00:00] flutterwave/rave.NOTICE: Generating Checksum.... [] []
[2020-05-04T00:27:32.860158+00:00] flutterwave/rave.NOTICE: Generating Reference Number.... [] []
[2020-05-04T00:27:32.863275+00:00] flutterwave/rave.NOTICE: Generated Reference Number....Ogunsola_5eaf6174d2c1a [] []
[2020-05-04T00:27:32.863359+00:00] flutterwave/rave.NOTICE: Rave Class Initializes.... [] []
[2020-05-04T00:27:32.887838+00:00] flutterwave/rave.NOTICE: Payment completed. Now requerying payment. [] []
[2020-05-04T00:27:32.887976+00:00] flutterwave/rave.NOTICE: Requerying Transaction....Ogunsola_5eaf614193cab [] []
[2020-05-04T00:27:34.594207+00:00] flutterwave/rave.NOTICE: Requeryed a successful transaction....{"txid":1260587,"txref":"Ogunsola_5eaf614193cab","flwref":"FLW-MOCK-e6de5e99f72951ecbe1d7df5c5420f6d","devicefingerprint":"dee75a039b0174fdd0a2f040479af55b","cycle":"one-time","amount":10,"currency":"NGN","chargedamount":10,"appfee":0.28,"merchantfee":0,"merchantbearsfee":1,"chargecode":"00","chargemessage":"Please enter the OTP sent to your mobile number 080****** and email te**@rave**.com","authmodel":"PIN","ip":"105.112.45.252","narration":"CARD Transaction ","status":"successful","vbvcode":"00","vbvmessage":"successful","authurl":"N\/A","acctcode":null,"acctmessage":null,"paymenttype":"card","paymentid":"1394","fraudstatus":"ok","chargetype":"normal","createdday":1,"createddayname":"MONDAY","createdweek":19,"createdmonth":4,"createdmonthname":"MAY","createdquarter":2,"createdyear":2020,"createdyearisleap":true,"createddayispublicholiday":0,"createdhour":0,"createdminute":27,"createdpmam":"am","created":"2020-05-04T00:27:21.000Z","customerid":372842,"custphone":null,"custnetworkprovider":"N\/A","custname":"First Patient","custemail":"firstpatient@gmail.com","custemailprovider":"GMAIL","custcreated":"2020-05-04T00:27:21.000Z","accountid":107388,"acctbusinessname":"ogunsola","acctcontactperson":"USMAN ADEBAYO OGUNSOLA","acctcountry":"NG","acctbearsfeeattransactiontime":1,"acctparent":2410,"acctvpcmerchant":"N\/A","acctalias":null,"acctisliveapproved":0,"orderref":"URF_1588552041625_5058035","paymentplan":null,"paymentpage":null,"raveref":"RV31588552040428DD11EC7924","amountsettledforthistransaction":9.72} [] []
[2020-05-04T00:36:27.415185+00:00] flutterwave/rave.NOTICE: Generating Reference Number.... [] []
[2020-05-04T00:36:27.418960+00:00] flutterwave/rave.NOTICE: Generated Reference Number....Ogunsola_5eaf638b66472 [] []
[2020-05-04T00:36:27.419104+00:00] flutterwave/rave.NOTICE: Rave Class Initializes.... [] []
[2020-05-04T00:36:27.419225+00:00] flutterwave/rave.NOTICE: Generating Checksum.... [] []
[2020-05-04T00:37:16.182926+00:00] flutterwave/rave.NOTICE: Generating Reference Number.... [] []
[2020-05-04T00:37:16.186693+00:00] flutterwave/rave.NOTICE: Generated Reference Number....Ogunsola_5eaf63bc2d932 [] []
[2020-05-04T00:37:16.186777+00:00] flutterwave/rave.NOTICE: Rave Class Initializes.... [] []
[2020-05-04T00:37:16.211540+00:00] flutterwave/rave.NOTICE: Payment completed. Now requerying payment. [] []
[2020-05-04T00:37:16.211666+00:00] flutterwave/rave.NOTICE: Requerying Transaction....Ogunsola_5eaf638b66472 [] []
[2020-05-04T00:37:17.935605+00:00] flutterwave/rave.NOTICE: Requeryed a successful transaction....{"txid":1260594,"txref":"Ogunsola_5eaf638b66472","flwref":"FLW-MOCK-0312d902a2c2bcfae5c6b33a6ee0da15","devicefingerprint":"dee75a039b0174fdd0a2f040479af55b","cycle":"one-time","amount":10,"currency":"NGN","chargedamount":10,"appfee":0.28,"merchantfee":0,"merchantbearsfee":1,"chargecode":"00","chargemessage":"Please enter the OTP sent to your mobile number 080****** and email te**@rave**.com","authmodel":"PIN","ip":"105.112.45.252","narration":"CARD Transaction ","status":"successful","vbvcode":"00","vbvmessage":"successful","authurl":"N\/A","acctcode":null,"acctmessage":null,"paymenttype":"card","paymentid":"1394","fraudstatus":"ok","chargetype":"normal","createdday":1,"createddayname":"MONDAY","createdweek":19,"createdmonth":4,"createdmonthname":"MAY","createdquarter":2,"createdyear":2020,"createdyearisleap":true,"createddayispublicholiday":0,"createdhour":0,"createdminute":37,"createdpmam":"am","created":"2020-05-04T00:37:06.000Z","customerid":372847,"custphone":null,"custnetworkprovider":"N\/A","custname":"First Patient","custemail":"firstpatient@gmail.com","custemailprovider":"GMAIL","custcreated":"2020-05-04T00:37:06.000Z","accountid":107388,"acctbusinessname":"ogunsola","acctcontactperson":"USMAN ADEBAYO OGUNSOLA","acctcountry":"NG","acctbearsfeeattransactiontime":1,"acctparent":2410,"acctvpcmerchant":"N\/A","acctalias":null,"acctisliveapproved":0,"orderref":"URF_1588552626719_7091735","paymentplan":null,"paymentpage":null,"raveref":"RV31588552625559001E88D9EE","amountsettledforthistransaction":9.72} [] []
[2020-05-04T00:37:42.859589+00:00] flutterwave/rave.NOTICE: Generating Reference Number.... [] []
[2020-05-04T00:37:42.862771+00:00] flutterwave/rave.NOTICE: Generated Reference Number....Ogunsola_5eaf63d6d2a20 [] []
[2020-05-04T00:37:42.862852+00:00] flutterwave/rave.NOTICE: Rave Class Initializes.... [] []
[2020-05-04T00:37:42.862925+00:00] flutterwave/rave.NOTICE: Generating Checksum.... [] []
[2020-05-04T00:38:20.954634+00:00] flutterwave/rave.NOTICE: Generating Reference Number.... [] []
[2020-05-04T00:38:20.960879+00:00] flutterwave/rave.NOTICE: Generated Reference Number....Ogunsola_5eaf63fcea959 [] []
[2020-05-04T00:38:20.960977+00:00] flutterwave/rave.NOTICE: Rave Class Initializes.... [] []
[2020-05-04T00:38:20.983421+00:00] flutterwave/rave.NOTICE: Payment completed. Now requerying payment. [] []
[2020-05-04T00:38:20.983545+00:00] flutterwave/rave.NOTICE: Requerying Transaction....Ogunsola_5eaf63d6d2a20 [] []
[2020-05-04T00:38:22.321576+00:00] flutterwave/rave.NOTICE: Requeryed a successful transaction....{"txid":1260595,"txref":"Ogunsola_5eaf63d6d2a20","flwref":"FLW-MOCK-05a3b64ccf44c45ca4bb86abc73dc567","devicefingerprint":"dee75a039b0174fdd0a2f040479af55b","cycle":"one-time","amount":10,"currency":"NGN","chargedamount":10,"appfee":0.28,"merchantfee":0,"merchantbearsfee":1,"chargecode":"00","chargemessage":"Please enter the OTP sent to your mobile number 080****** and email te**@rave**.com","authmodel":"PIN","ip":"105.112.45.252","narration":"CARD Transaction ","status":"successful","vbvcode":"00","vbvmessage":"successful","authurl":"N\/A","acctcode":null,"acctmessage":null,"paymenttype":"card","paymentid":"1394","fraudstatus":"ok","chargetype":"normal","createdday":1,"createddayname":"MONDAY","createdweek":19,"createdmonth":4,"createdmonthname":"MAY","createdquarter":2,"createdyear":2020,"createdyearisleap":true,"createddayispublicholiday":0,"createdhour":0,"createdminute":38,"createdpmam":"am","created":"2020-05-04T00:38:09.000Z","customerid":372848,"custphone":null,"custnetworkprovider":"N\/A","custname":"First Patient","custemail":"firstpatient@gmail.com","custemailprovider":"GMAIL","custcreated":"2020-05-04T00:38:08.000Z","accountid":107388,"acctbusinessname":"ogunsola","acctcontactperson":"USMAN ADEBAYO OGUNSOLA","acctcountry":"NG","acctbearsfeeattransactiontime":1,"acctparent":2410,"acctvpcmerchant":"N\/A","acctalias":null,"acctisliveapproved":0,"orderref":"URF_1588552689546_1972235","paymentplan":null,"paymentpage":null,"raveref":"RV315885526883889F9E0D7864","amountsettledforthistransaction":9.72} [] []
[2020-05-04T00:56:36.616352+00:00] flutterwave/rave.NOTICE: Generating Reference Number.... [] []
[2020-05-04T00:56:36.621409+00:00] flutterwave/rave.NOTICE: Generated Reference Number....ogunsola_0642444 [] []
[2020-05-04T00:56:36.621544+00:00] flutterwave/rave.NOTICE: Rave Class Initializes.... [] []
[2020-05-04T00:56:36.621676+00:00] flutterwave/rave.NOTICE: Generating Checksum.... [] []
[2020-05-04T00:57:34.017851+00:00] flutterwave/rave.NOTICE: Generating Reference Number.... [] []
[2020-05-04T00:57:34.023704+00:00] flutterwave/rave.NOTICE: Generated Reference Number....Ogunsola_5eaf687e05c7e [] []
[2020-05-04T00:57:34.023816+00:00] flutterwave/rave.NOTICE: Rave Class Initializes.... [] []
[2020-05-04T00:57:34.047347+00:00] flutterwave/rave.NOTICE: Payment completed. Now requerying payment. [] []
[2020-05-04T00:57:34.047490+00:00] flutterwave/rave.NOTICE: Requerying Transaction....ogunsola_0642444 [] []
[2020-05-04T00:57:35.757242+00:00] flutterwave/rave.NOTICE: Requeryed a successful transaction....{"txid":1260606,"txref":"ogunsola_0642444","flwref":"FLW-MOCK-3e88e0ab966e90c8caa66d63be019be0","devicefingerprint":"dee75a039b0174fdd0a2f040479af55b","cycle":"one-time","amount":11750,"currency":"NGN","chargedamount":11750,"appfee":2164.5,"merchantfee":0,"merchantbearsfee":1,"chargecode":"00","chargemessage":"Please enter the OTP sent to your mobile number 080****** and email te**@rave**.com","authmodel":"PIN","ip":"105.112.45.252","narration":"CARD Transaction ","status":"successful","vbvcode":"00","vbvmessage":"successful","authurl":"N\/A","acctcode":null,"acctmessage":null,"paymenttype":"card","paymentid":"1394","fraudstatus":"ok","chargetype":"normal","createdday":1,"createddayname":"MONDAY","createdweek":19,"createdmonth":4,"createdmonthname":"MAY","createdquarter":2,"createdyear":2020,"createdyearisleap":true,"createddayispublicholiday":0,"createdhour":0,"createdminute":57,"createdpmam":"am","created":"2020-05-04T00:57:22.000Z","customerid":372852,"custphone":null,"custnetworkprovider":"N\/A","custname":"First Patient","custemail":"firstpatient@gmail.com","custemailprovider":"GMAIL","custcreated":"2020-05-04T00:57:21.000Z","accountid":107388,"acctbusinessname":"ogunsola","acctcontactperson":"USMAN ADEBAYO OGUNSOLA","acctcountry":"NG","acctbearsfeeattransactiontime":1,"acctparent":2410,"acctvpcmerchant":"N\/A","acctalias":null,"acctisliveapproved":0,"orderref":"URF_1588553842510_834735","paymentplan":null,"paymentpage":null,"raveref":"RV31588553841317F3CAE6E38C","amountsettledforthistransaction":9585.5} [] []
[2020-05-04T01:05:47.601732+00:00] flutterwave/rave.NOTICE: Generating Reference Number.... [] []
[2020-05-04T01:05:47.645638+00:00] flutterwave/rave.NOTICE: Generated Reference Number....ogunsola_1364511 [] []
[2020-05-04T01:05:47.645809+00:00] flutterwave/rave.NOTICE: Rave Class Initializes.... [] []
[2020-05-04T01:05:47.645934+00:00] flutterwave/rave.NOTICE: Generating Checksum.... [] []
[2020-05-04T01:06:51.405609+00:00] flutterwave/rave.NOTICE: Generating Reference Number.... [] []
[2020-05-04T01:06:51.409025+00:00] flutterwave/rave.NOTICE: Generated Reference Number....Ogunsola_5eaf6aab63d00 [] []
[2020-05-04T01:06:51.409168+00:00] flutterwave/rave.NOTICE: Rave Class Initializes.... [] []
[2020-05-04T01:06:51.433543+00:00] flutterwave/rave.NOTICE: Payment completed. Now requerying payment. [] []
[2020-05-04T01:06:51.433668+00:00] flutterwave/rave.NOTICE: Requerying Transaction....ogunsola_1364511 [] []
[2020-05-04T01:06:53.236670+00:00] flutterwave/rave.NOTICE: Requeryed a successful transaction....{"txid":1260611,"txref":"ogunsola_1364511","flwref":"FLW-MOCK-c01165049f6e707f4724290729e44d1f","devicefingerprint":"dee75a039b0174fdd0a2f040479af55b","cycle":"one-time","amount":11750,"currency":"NGN","chargedamount":11750,"appfee":2164.5,"merchantfee":0,"merchantbearsfee":1,"chargecode":"00","chargemessage":"Please enter the OTP sent to your mobile number 080****** and email te**@rave**.com","authmodel":"PIN","ip":"105.112.45.252","narration":"CARD Transaction ","status":"successful","vbvcode":"00","vbvmessage":"successful","authurl":"N\/A","acctcode":null,"acctmessage":null,"paymenttype":"card","paymentid":"1394","fraudstatus":"ok","chargetype":"normal","createdday":1,"createddayname":"MONDAY","createdweek":19,"createdmonth":4,"createdmonthname":"MAY","createdquarter":2,"createdyear":2020,"createdyearisleap":true,"createddayispublicholiday":0,"createdhour":1,"createdminute":6,"createdpmam":"am","created":"2020-05-04T01:06:41.000Z","customerid":372855,"custphone":null,"custnetworkprovider":"N\/A","custname":"Second Patient","custemail":"secondpatient@gmail.com","custemailprovider":"GMAIL","custcreated":"2020-05-04T01:06:40.000Z","accountid":107388,"acctbusinessname":"ogunsola","acctcontactperson":"USMAN ADEBAYO OGUNSOLA","acctcountry":"NG","acctbearsfeeattransactiontime":1,"acctparent":2410,"acctvpcmerchant":"N\/A","acctalias":null,"acctisliveapproved":0,"orderref":"URF_1588554401297_1496035","paymentplan":null,"paymentpage":null,"raveref":"RV315885544000207F1C16AD91","amountsettledforthistransaction":9585.5} [] []
