[2020-05-05T19:26:56.737746+00:00] flutterwave/rave.NOTICE: Generating Reference Number.... [] []
[2020-05-05T19:26:56.826940+00:00] flutterwave/rave.NOTICE: Generated Reference Number....ogunsola_2465342 [] []
[2020-05-05T19:26:56.827624+00:00] flutterwave/rave.NOTICE: Rave Class Initializes.... [] []
[2020-05-05T19:26:56.827837+00:00] flutterwave/rave.NOTICE: Generating Checksum.... [] []
[2020-05-05T19:28:05.039259+00:00] flutterwave/rave.NOTICE: Generating Reference Number.... [] []
[2020-05-05T19:28:05.042955+00:00] flutterwave/rave.NOTICE: Generated Reference Number....Ogunsola_5eb1be450a7a2 [] []
[2020-05-05T19:28:05.043897+00:00] flutterwave/rave.NOTICE: Rave Class Initializes.... [] []
[2020-05-05T19:28:05.069275+00:00] flutterwave/rave.NOTICE: Payment completed. Now requerying payment. [] []
[2020-05-05T19:28:05.069483+00:00] flutterwave/rave.NOTICE: Requerying Transaction....ogunsola_2465342 [] []
[2020-05-05T19:28:06.684528+00:00] flutterwave/rave.NOTICE: Requeryed a successful transaction....{"txid":1265278,"txref":"ogunsola_2465342","flwref":"FLW-MOCK-2a448312734455553dfd14dce992fc4d","devicefingerprint":"dee75a039b0174fdd0a2f040479af55b","cycle":"one-time","amount":11750,"currency":"NGN","chargedamount":11750,"appfee":2164.5,"merchantfee":0,"merchantbearsfee":1,"chargecode":"00","chargemessage":"Please enter the OTP sent to your mobile number 080****** and email te**@rave**.com","authmodel":"PIN","ip":"41.58.117.64","narration":"CARD Transaction ","status":"successful","vbvcode":"00","vbvmessage":"successful","authurl":"N\/A","acctcode":null,"acctmessage":null,"paymenttype":"card","paymentid":"1394","fraudstatus":"ok","chargetype":"normal","createdday":2,"createddayname":"TUESDAY","createdweek":19,"createdmonth":4,"createdmonthname":"MAY","createdquarter":2,"createdyear":2020,"createdyearisleap":true,"createddayispublicholiday":0,"createdhour":19,"createdminute":27,"createdpmam":"pm","created":"2020-05-05T19:27:50.000Z","customerid":374844,"custphone":null,"custnetworkprovider":"N\/A","custname":"OGUNSOLA ADEBAYO","custemail":"ogunsolaactivator@hotmail.com","custemailprovider":"HOTMAIL","custcreated":"2020-05-05T19:27:49.000Z","accountid":107388,"acctbusinessname":"ogunsola","acctcontactperson":"USMAN ADEBAYO OGUNSOLA","acctcountry":"NG","acctbearsfeeattransactiontime":1,"acctparent":2410,"acctvpcmerchant":"N\/A","acctalias":null,"acctisliveapproved":0,"orderref":"URF_1588706870279_8473935","paymentplan":null,"paymentpage":null,"raveref":"RV31588706869077516BC613A3","amountsettledforthistransaction":9585.5} [] []
[2020-05-05T20:37:55.952413+00:00] flutterwave/rave.NOTICE: Generating Reference Number.... [] []
[2020-05-05T20:37:56.066516+00:00] flutterwave/rave.NOTICE: Generated Reference Number....ogunsola_3511026 [] []
[2020-05-05T20:37:56.066636+00:00] flutterwave/rave.NOTICE: Rave Class Initializes.... [] []
[2020-05-05T20:37:56.066714+00:00] flutterwave/rave.NOTICE: Generating Checksum.... [] []
[2020-05-05T20:38:40.964310+00:00] flutterwave/rave.NOTICE: Generating Reference Number.... [] []
[2020-05-05T20:38:40.967482+00:00] flutterwave/rave.NOTICE: Generated Reference Number....Ogunsola_5eb1ced0ec326 [] []
[2020-05-05T20:38:40.967565+00:00] flutterwave/rave.NOTICE: Rave Class Initializes.... [] []
[2020-05-05T20:38:40.993669+00:00] flutterwave/rave.NOTICE: Payment completed. Now requerying payment. [] []
[2020-05-05T20:38:40.993804+00:00] flutterwave/rave.NOTICE: Requerying Transaction....ogunsola_3511026 [] []
[2020-05-05T20:38:42.590570+00:00] flutterwave/rave.NOTICE: Requeryed a successful transaction....{"txid":1265394,"txref":"ogunsola_3511026","flwref":"FLW-MOCK-529483d38432fec5be5f0c26c37b77b7","devicefingerprint":"dee75a039b0174fdd0a2f040479af55b","cycle":"one-time","amount":11750,"currency":"NGN","chargedamount":11750,"appfee":2164.5,"merchantfee":0,"merchantbearsfee":1,"chargecode":"00","chargemessage":"Please enter the OTP sent to your mobile number 080****** and email te**@rave**.com","authmodel":"PIN","ip":"41.58.117.64","narration":"CARD Transaction ","status":"successful","vbvcode":"00","vbvmessage":"successful","authurl":"N\/A","acctcode":null,"acctmessage":null,"paymenttype":"card","paymentid":"1394","fraudstatus":"ok","chargetype":"normal","createdday":2,"createddayname":"TUESDAY","createdweek":19,"createdmonth":4,"createdmonthname":"MAY","createdquarter":2,"createdyear":2020,"createdyearisleap":true,"createddayispublicholiday":0,"createdhour":20,"createdminute":38,"createdpmam":"pm","created":"2020-05-05T20:38:30.000Z","customerid":374910,"custphone":null,"custnetworkprovider":"N\/A","custname":"OGUNSOLA ADEBAYO","custemail":"ogunsolaactivator@hotmail.com","custemailprovider":"HOTMAIL","custcreated":"2020-05-05T20:38:29.000Z","accountid":107388,"acctbusinessname":"ogunsola","acctcontactperson":"USMAN ADEBAYO OGUNSOLA","acctcountry":"NG","acctbearsfeeattransactiontime":1,"acctparent":2410,"acctvpcmerchant":"N\/A","acctalias":null,"acctisliveapproved":0,"orderref":"URF_1588711110276_2214835","paymentplan":null,"paymentpage":null,"raveref":"RV3158871110916034D8EA099E","amountsettledforthistransaction":9585.5} [] []
[2020-05-05T20:52:51.043988+00:00] flutterwave/rave.NOTICE: Generating Reference Number.... [] []
[2020-05-05T20:52:51.048135+00:00] flutterwave/rave.NOTICE: Generated Reference Number....ogunsola_1521543 [] []
[2020-05-05T20:52:51.048224+00:00] flutterwave/rave.NOTICE: Rave Class Initializes.... [] []
[2020-05-05T20:52:51.048299+00:00] flutterwave/rave.NOTICE: Generating Checksum.... [] []
[2020-05-05T20:56:21.703398+00:00] flutterwave/rave.NOTICE: Generating Reference Number.... [] []
[2020-05-05T20:56:21.710166+00:00] flutterwave/rave.NOTICE: Generated Reference Number....ogunsola_5110056 [] []
[2020-05-05T20:56:21.710312+00:00] flutterwave/rave.NOTICE: Rave Class Initializes.... [] []
[2020-05-05T20:56:21.710434+00:00] flutterwave/rave.NOTICE: Generating Checksum.... [] []
[2020-05-05T20:57:09.736687+00:00] flutterwave/rave.NOTICE: Generating Reference Number.... [] []
[2020-05-05T20:57:09.743083+00:00] flutterwave/rave.NOTICE: Generated Reference Number....Ogunsola_5eb1d325b568a [] []
[2020-05-05T20:57:09.743233+00:00] flutterwave/rave.NOTICE: Rave Class Initializes.... [] []
[2020-05-05T20:57:09.765988+00:00] flutterwave/rave.NOTICE: Payment completed. Now requerying payment. [] []
[2020-05-05T20:57:09.766124+00:00] flutterwave/rave.NOTICE: Requerying Transaction....ogunsola_5110056 [] []
[2020-05-05T20:57:11.307671+00:00] flutterwave/rave.NOTICE: Requeryed a successful transaction....{"txid":1265442,"txref":"ogunsola_5110056","flwref":"FLW-MOCK-93d8699895bf57cda597d2d42b469702","devicefingerprint":"dee75a039b0174fdd0a2f040479af55b","cycle":"one-time","amount":11750,"currency":"NGN","chargedamount":11750,"appfee":2164.5,"merchantfee":0,"merchantbearsfee":1,"chargecode":"00","chargemessage":"Please enter the OTP sent to your mobile number 080****** and email te**@rave**.com","authmodel":"PIN","ip":"105.112.60.172","narration":"CARD Transaction ","status":"successful","vbvcode":"00","vbvmessage":"successful","authurl":"N\/A","acctcode":null,"acctmessage":null,"paymenttype":"card","paymentid":"1394","fraudstatus":"ok","chargetype":"normal","createdday":2,"createddayname":"TUESDAY","createdweek":19,"createdmonth":4,"createdmonthname":"MAY","createdquarter":2,"createdyear":2020,"createdyearisleap":true,"createddayispublicholiday":0,"createdhour":20,"createdminute":57,"createdpmam":"pm","created":"2020-05-05T20:57:00.000Z","customerid":374942,"custphone":null,"custnetworkprovider":"N\/A","custname":"OGUNSOLA ADEBAYO","custemail":"ogunsolaactivator@hotmail.com","custemailprovider":"HOTMAIL","custcreated":"2020-05-05T20:56:59.000Z","accountid":107388,"acctbusinessname":"ogunsola","acctcontactperson":"USMAN ADEBAYO OGUNSOLA","acctcountry":"NG","acctbearsfeeattransactiontime":1,"acctparent":2410,"acctvpcmerchant":"N\/A","acctalias":null,"acctisliveapproved":0,"orderref":"URF_1588712220129_5418135","paymentplan":null,"paymentpage":null,"raveref":"RV31588712218848D142A3D0D2","amountsettledforthistransaction":9585.5} [] []
[2020-05-05T21:01:21.463799+00:00] flutterwave/rave.NOTICE: Generating Reference Number.... [] []
[2020-05-05T21:01:21.470598+00:00] flutterwave/rave.NOTICE: Generated Reference Number....ogunsola_2566426 [] []
[2020-05-05T21:01:21.470692+00:00] flutterwave/rave.NOTICE: Rave Class Initializes.... [] []
[2020-05-05T21:01:21.470768+00:00] flutterwave/rave.NOTICE: Generating Checksum.... [] []
[2020-05-05T21:05:02.027954+00:00] flutterwave/rave.NOTICE: Generating Reference Number.... [] []
[2020-05-05T21:05:02.034719+00:00] flutterwave/rave.NOTICE: Generated Reference Number....Ogunsola_5eb1d4fe08781 [] []
[2020-05-05T21:05:02.034856+00:00] flutterwave/rave.NOTICE: Rave Class Initializes.... [] []
[2020-05-05T21:05:02.048881+00:00] flutterwave/rave.NOTICE: Requerying Transaction....ogunsola_2566426 [] []
[2020-05-05T21:05:03.447210+00:00] flutterwave/rave.NOTICE: delaying next requery for 3 seconds [] []
[2020-05-05T21:05:06.447932+00:00] flutterwave/rave.NOTICE: Now retrying requery... [] []
[2020-05-05T21:05:06.448074+00:00] flutterwave/rave.NOTICE: Requerying Transaction....ogunsola_2566426 [] []
[2020-05-05T21:05:08.864577+00:00] flutterwave/rave.NOTICE: delaying next requery for 3 seconds [] []
[2020-05-05T21:05:11.865895+00:00] flutterwave/rave.NOTICE: Now retrying requery... [] []
[2020-05-05T21:05:11.866041+00:00] flutterwave/rave.NOTICE: Requerying Transaction....ogunsola_2566426 [] []
[2020-05-05T21:05:13.350983+00:00] flutterwave/rave.NOTICE: delaying next requery for 3 seconds [] []
[2020-05-05T21:05:16.351683+00:00] flutterwave/rave.NOTICE: Now retrying requery... [] []
[2020-05-05T21:05:16.351819+00:00] flutterwave/rave.NOTICE: Requerying Transaction....ogunsola_2566426 [] []
[2020-05-05T21:05:17.799603+00:00] flutterwave/rave.NOTICE: delaying next requery for 3 seconds [] []
[2020-05-05T21:05:20.800487+00:00] flutterwave/rave.NOTICE: Now retrying requery... [] []
[2020-05-05T21:05:20.800650+00:00] flutterwave/rave.NOTICE: Requerying Transaction....ogunsola_2566426 [] []
[2020-05-05T21:05:22.785177+00:00] flutterwave/rave.NOTICE: Payment was canceled by user..ogunsola_2566426 [] []
[2020-05-05T21:10:03.165050+00:00] flutterwave/rave.NOTICE: Generating Reference Number.... [] []
[2020-05-05T21:10:03.195824+00:00] flutterwave/rave.NOTICE: Generated Reference Number....ogunsola_6535416 [] []
[2020-05-05T21:10:03.195973+00:00] flutterwave/rave.NOTICE: Rave Class Initializes.... [] []
[2020-05-05T21:10:03.196126+00:00] flutterwave/rave.NOTICE: Generating Checksum.... [] []
[2020-05-05T21:10:47.859404+00:00] flutterwave/rave.NOTICE: Generating Reference Number.... [] []
[2020-05-05T21:10:47.864508+00:00] flutterwave/rave.NOTICE: Generated Reference Number....Ogunsola_5eb1d657d30df [] []
[2020-05-05T21:10:47.864642+00:00] flutterwave/rave.NOTICE: Rave Class Initializes.... [] []
[2020-05-05T21:10:47.885916+00:00] flutterwave/rave.NOTICE: Payment completed. Now requerying payment. [] []
[2020-05-05T21:10:47.886045+00:00] flutterwave/rave.NOTICE: Requerying Transaction....ogunsola_6535416 [] []
[2020-05-05T21:10:49.312097+00:00] flutterwave/rave.NOTICE: Requeryed a successful transaction....{"txid":1265473,"txref":"ogunsola_6535416","flwref":"FLW-MOCK-c2e5bc8e2bb6eb4c4ba515008f4f8c5e","devicefingerprint":"dee75a039b0174fdd0a2f040479af55b","cycle":"one-time","amount":11750,"currency":"NGN","chargedamount":11750,"appfee":2164.5,"merchantfee":0,"merchantbearsfee":1,"chargecode":"00","chargemessage":"Please enter the OTP sent to your mobile number 080****** and email te**@rave**.com","authmodel":"PIN","ip":"105.112.60.172","narration":"CARD Transaction ","status":"successful","vbvcode":"00","vbvmessage":"successful","authurl":"N\/A","acctcode":null,"acctmessage":null,"paymenttype":"card","paymentid":"1394","fraudstatus":"ok","chargetype":"normal","createdday":2,"createddayname":"TUESDAY","createdweek":19,"createdmonth":4,"createdmonthname":"MAY","createdquarter":2,"createdyear":2020,"createdyearisleap":true,"createddayispublicholiday":0,"createdhour":21,"createdminute":10,"createdpmam":"pm","created":"2020-05-05T21:10:36.000Z","customerid":374965,"custphone":null,"custnetworkprovider":"N\/A","custname":"OGUNSOLA ADEBAYO","custemail":"ogunsolaactivator@hotmail.com","custemailprovider":"HOTMAIL","custcreated":"2020-05-05T21:10:35.000Z","accountid":107388,"acctbusinessname":"ogunsola","acctcontactperson":"USMAN ADEBAYO OGUNSOLA","acctcountry":"NG","acctbearsfeeattransactiontime":1,"acctparent":2410,"acctvpcmerchant":"N\/A","acctalias":null,"acctisliveapproved":0,"orderref":"URF_1588713036313_6609535","paymentplan":null,"paymentpage":null,"raveref":"RV31588713035236F51EDCD05D","amountsettledforthistransaction":9585.5} [] []
[2020-05-05T21:17:10.101417+00:00] flutterwave/rave.NOTICE: Generating Reference Number.... [] []
[2020-05-05T21:17:10.106525+00:00] flutterwave/rave.NOTICE: Generated Reference Number....ogunsola_0046455 [] []
[2020-05-05T21:17:10.106614+00:00] flutterwave/rave.NOTICE: Rave Class Initializes.... [] []
[2020-05-05T21:17:10.106688+00:00] flutterwave/rave.NOTICE: Generating Checksum.... [] []
[2020-05-05T21:17:55.128971+00:00] flutterwave/rave.NOTICE: Generating Reference Number.... [] []
[2020-05-05T21:17:55.133532+00:00] flutterwave/rave.NOTICE: Generated Reference Number....Ogunsola_5eb1d80320985 [] []
[2020-05-05T21:17:55.133628+00:00] flutterwave/rave.NOTICE: Rave Class Initializes.... [] []
[2020-05-05T21:17:55.153689+00:00] flutterwave/rave.NOTICE: Payment completed. Now requerying payment. [] []
[2020-05-05T21:17:55.153873+00:00] flutterwave/rave.NOTICE: Requerying Transaction....ogunsola_0046455 [] []
[2020-05-05T21:17:57.051382+00:00] flutterwave/rave.NOTICE: Requeryed a successful transaction....{"txid":1265486,"txref":"ogunsola_0046455","flwref":"FLW-MOCK-ce1d6b76b792812c03a7b981383ac022","devicefingerprint":"dee75a039b0174fdd0a2f040479af55b","cycle":"one-time","amount":11750,"currency":"NGN","chargedamount":11750,"appfee":2164.5,"merchantfee":0,"merchantbearsfee":1,"chargecode":"00","chargemessage":"Please enter the OTP sent to your mobile number 080****** and email te**@rave**.com","authmodel":"PIN","ip":"105.112.60.172","narration":"CARD Transaction ","status":"successful","vbvcode":"00","vbvmessage":"successful","authurl":"N\/A","acctcode":null,"acctmessage":null,"paymenttype":"card","paymentid":"1394","fraudstatus":"ok","chargetype":"normal","createdday":2,"createddayname":"TUESDAY","createdweek":19,"createdmonth":4,"createdmonthname":"MAY","createdquarter":2,"createdyear":2020,"createdyearisleap":true,"createddayispublicholiday":0,"createdhour":21,"createdminute":17,"createdpmam":"pm","created":"2020-05-05T21:17:44.000Z","customerid":374973,"custphone":null,"custnetworkprovider":"N\/A","custname":"OGUNSOLA ADEBAYO","custemail":"ogunsolaactivator@hotmail.com","custemailprovider":"HOTMAIL","custcreated":"2020-05-05T21:17:43.000Z","accountid":107388,"acctbusinessname":"ogunsola","acctcontactperson":"USMAN ADEBAYO OGUNSOLA","acctcountry":"NG","acctbearsfeeattransactiontime":1,"acctparent":2410,"acctvpcmerchant":"N\/A","acctalias":null,"acctisliveapproved":0,"orderref":"URF_1588713464371_8627735","paymentplan":null,"paymentpage":null,"raveref":"RV315887134628966361D2D9AA","amountsettledforthistransaction":9585.5} [] []
[2020-05-05T22:03:40.855296+00:00] flutterwave/rave.NOTICE: Generating Reference Number.... [] []
[2020-05-05T22:03:40.859011+00:00] flutterwave/rave.NOTICE: Generated Reference Number....ogunsola_0410661 [] []
[2020-05-05T22:03:40.859095+00:00] flutterwave/rave.NOTICE: Rave Class Initializes.... [] []
[2020-05-05T22:03:40.859168+00:00] flutterwave/rave.NOTICE: Generating Checksum.... [] []
[2020-05-05T22:04:29.547842+00:00] flutterwave/rave.NOTICE: Generating Reference Number.... [] []
[2020-05-05T22:04:29.552084+00:00] flutterwave/rave.NOTICE: Generated Reference Number....Ogunsola_5eb1e2ed86c7d [] []
[2020-05-05T22:04:29.552165+00:00] flutterwave/rave.NOTICE: Rave Class Initializes.... [] []
[2020-05-05T22:04:29.572611+00:00] flutterwave/rave.NOTICE: Payment completed. Now requerying payment. [] []
[2020-05-05T22:04:29.572738+00:00] flutterwave/rave.NOTICE: Requerying Transaction....ogunsola_0410661 [] []
[2020-05-05T22:04:31.287859+00:00] flutterwave/rave.NOTICE: Requeryed a successful transaction....{"txid":1265547,"txref":"ogunsola_0410661","flwref":"FLW-MOCK-7a8bea0208f37fe971ef750392abd099","devicefingerprint":"dee75a039b0174fdd0a2f040479af55b","cycle":"one-time","amount":11750,"currency":"NGN","chargedamount":11750,"appfee":2164.5,"merchantfee":0,"merchantbearsfee":1,"chargecode":"00","chargemessage":"Please enter the OTP sent to your mobile number 080****** and email te**@rave**.com","authmodel":"PIN","ip":"105.112.60.172","narration":"CARD Transaction ","status":"successful","vbvcode":"00","vbvmessage":"successful","authurl":"N\/A","acctcode":null,"acctmessage":null,"paymenttype":"card","paymentid":"1394","fraudstatus":"ok","chargetype":"normal","createdday":2,"createddayname":"TUESDAY","createdweek":19,"createdmonth":4,"createdmonthname":"MAY","createdquarter":2,"createdyear":2020,"createdyearisleap":true,"createddayispublicholiday":0,"createdhour":22,"createdminute":4,"createdpmam":"pm","created":"2020-05-05T22:04:19.000Z","customerid":375015,"custphone":null,"custnetworkprovider":"N\/A","custname":"OGUNSOLA ADEBAYO","custemail":"ogunsolaactivator@hotmail.com","custemailprovider":"HOTMAIL","custcreated":"2020-05-05T22:04:18.000Z","accountid":107388,"acctbusinessname":"ogunsola","acctcontactperson":"USMAN ADEBAYO OGUNSOLA","acctcountry":"NG","acctbearsfeeattransactiontime":1,"acctparent":2410,"acctvpcmerchant":"N\/A","acctalias":null,"acctisliveapproved":0,"orderref":"URF_1588716259250_6406335","paymentplan":null,"paymentpage":null,"raveref":"RV315887162580858910182D8E","amountsettledforthistransaction":9585.5} [] []
[2020-05-05T22:09:11.230312+00:00] flutterwave/rave.NOTICE: Generating Reference Number.... [] []
[2020-05-05T22:09:11.233984+00:00] flutterwave/rave.NOTICE: Generated Reference Number....ogunsola_1111254 [] []
[2020-05-05T22:09:11.234064+00:00] flutterwave/rave.NOTICE: Rave Class Initializes.... [] []
[2020-05-05T22:09:11.234136+00:00] flutterwave/rave.NOTICE: Generating Checksum.... [] []
[2020-05-05T22:09:56.906582+00:00] flutterwave/rave.NOTICE: Generating Reference Number.... [] []
[2020-05-05T22:09:56.912122+00:00] flutterwave/rave.NOTICE: Generated Reference Number....Ogunsola_5eb1e434deae4 [] []
[2020-05-05T22:09:56.912209+00:00] flutterwave/rave.NOTICE: Rave Class Initializes.... [] []
[2020-05-05T22:09:56.932487+00:00] flutterwave/rave.NOTICE: Payment completed. Now requerying payment. [] []
[2020-05-05T22:09:56.932639+00:00] flutterwave/rave.NOTICE: Requerying Transaction....ogunsola_1111254 [] []
[2020-05-05T22:09:58.389628+00:00] flutterwave/rave.NOTICE: Requeryed a successful transaction....{"txid":1265557,"txref":"ogunsola_1111254","flwref":"FLW-MOCK-269cc19efda570e59ea9517c8644575b","devicefingerprint":"dee75a039b0174fdd0a2f040479af55b","cycle":"one-time","amount":11750,"currency":"NGN","chargedamount":11750,"appfee":2164.5,"merchantfee":0,"merchantbearsfee":1,"chargecode":"00","chargemessage":"Please enter the OTP sent to your mobile number 080****** and email te**@rave**.com","authmodel":"PIN","ip":"105.112.60.172","narration":"CARD Transaction ","status":"successful","vbvcode":"00","vbvmessage":"successful","authurl":"N\/A","acctcode":null,"acctmessage":null,"paymenttype":"card","paymentid":"1394","fraudstatus":"ok","chargetype":"normal","createdday":2,"createddayname":"TUESDAY","createdweek":19,"createdmonth":4,"createdmonthname":"MAY","createdquarter":2,"createdyear":2020,"createdyearisleap":true,"createddayispublicholiday":0,"createdhour":22,"createdminute":9,"createdpmam":"pm","created":"2020-05-05T22:09:46.000Z","customerid":375023,"custphone":null,"custnetworkprovider":"N\/A","custname":"OGUNSOLA ADEBAYO","custemail":"ogunsolaactivator@hotmail.com","custemailprovider":"HOTMAIL","custcreated":"2020-05-05T22:09:45.000Z","accountid":107388,"acctbusinessname":"ogunsola","acctcontactperson":"USMAN ADEBAYO OGUNSOLA","acctcountry":"NG","acctbearsfeeattransactiontime":1,"acctparent":2410,"acctvpcmerchant":"N\/A","acctalias":null,"acctisliveapproved":0,"orderref":"URF_1588716586116_8358635","paymentplan":null,"paymentpage":null,"raveref":"RV3158871658498150E25F1AD4","amountsettledforthistransaction":9585.5} [] []
[2020-05-05T22:11:29.853641+00:00] flutterwave/rave.NOTICE: Generating Reference Number.... [] []
[2020-05-05T22:11:29.859365+00:00] flutterwave/rave.NOTICE: Generated Reference Number....ogunsola_3614520 [] []
[2020-05-05T22:11:29.859517+00:00] flutterwave/rave.NOTICE: Rave Class Initializes.... [] []
[2020-05-05T22:11:29.859659+00:00] flutterwave/rave.NOTICE: Generating Checksum.... [] []
[2020-05-05T22:12:14.852595+00:00] flutterwave/rave.NOTICE: Generating Reference Number.... [] []
[2020-05-05T22:12:14.858011+00:00] flutterwave/rave.NOTICE: Generated Reference Number....Ogunsola_5eb1e4bed176e [] []
[2020-05-05T22:12:14.858211+00:00] flutterwave/rave.NOTICE: Rave Class Initializes.... [] []
[2020-05-05T22:12:14.882052+00:00] flutterwave/rave.NOTICE: Payment completed. Now requerying payment. [] []
[2020-05-05T22:12:14.882215+00:00] flutterwave/rave.NOTICE: Requerying Transaction....ogunsola_3614520 [] []
[2020-05-05T22:12:16.298556+00:00] flutterwave/rave.NOTICE: Requeryed a successful transaction....{"txid":1265561,"txref":"ogunsola_3614520","flwref":"FLW-MOCK-7700fdd17175afdc753d1215fbfb9924","devicefingerprint":"dee75a039b0174fdd0a2f040479af55b","cycle":"one-time","amount":11750,"currency":"NGN","chargedamount":11750,"appfee":2164.5,"merchantfee":0,"merchantbearsfee":1,"chargecode":"00","chargemessage":"Please enter the OTP sent to your mobile number 080****** and email te**@rave**.com","authmodel":"PIN","ip":"105.112.60.172","narration":"CARD Transaction ","status":"successful","vbvcode":"00","vbvmessage":"successful","authurl":"N\/A","acctcode":null,"acctmessage":null,"paymenttype":"card","paymentid":"1394","fraudstatus":"ok","chargetype":"normal","createdday":2,"createddayname":"TUESDAY","createdweek":19,"createdmonth":4,"createdmonthname":"MAY","createdquarter":2,"createdyear":2020,"createdyearisleap":true,"createddayispublicholiday":0,"createdhour":22,"createdminute":12,"createdpmam":"pm","created":"2020-05-05T22:12:02.000Z","customerid":375027,"custphone":null,"custnetworkprovider":"N\/A","custname":"OGUNSOLA ADEBAYO","custemail":"ogunsolaactivator@hotmail.com","custemailprovider":"HOTMAIL","custcreated":"2020-05-05T22:12:02.000Z","accountid":107388,"acctbusinessname":"ogunsola","acctcontactperson":"USMAN ADEBAYO OGUNSOLA","acctcountry":"NG","acctbearsfeeattransactiontime":1,"acctparent":2410,"acctvpcmerchant":"N\/A","acctalias":null,"acctisliveapproved":0,"orderref":"URF_1588716722838_1865735","paymentplan":null,"paymentpage":null,"raveref":"RV31588716721713CDEC1F9EC4","amountsettledforthistransaction":9585.5} [] []
[2020-05-05T22:13:53.135206+00:00] flutterwave/rave.NOTICE: Generating Reference Number.... [] []
[2020-05-05T22:13:53.141211+00:00] flutterwave/rave.NOTICE: Generated Reference Number....ogunsola_5563255 [] []
[2020-05-05T22:13:53.141294+00:00] flutterwave/rave.NOTICE: Rave Class Initializes.... [] []
[2020-05-05T22:13:53.141366+00:00] flutterwave/rave.NOTICE: Generating Checksum.... [] []
[2020-05-05T22:14:38.478455+00:00] flutterwave/rave.NOTICE: Generating Reference Number.... [] []
[2020-05-05T22:14:38.481595+00:00] flutterwave/rave.NOTICE: Generated Reference Number....Ogunsola_5eb1e54e75927 [] []
[2020-05-05T22:14:38.481677+00:00] flutterwave/rave.NOTICE: Rave Class Initializes.... [] []
[2020-05-05T22:14:38.504364+00:00] flutterwave/rave.NOTICE: Payment completed. Now requerying payment. [] []
[2020-05-05T22:14:38.504505+00:00] flutterwave/rave.NOTICE: Requerying Transaction....ogunsola_5563255 [] []
[2020-05-05T22:14:40.293717+00:00] flutterwave/rave.NOTICE: Requeryed a successful transaction....{"txid":1265563,"txref":"ogunsola_5563255","flwref":"FLW-MOCK-960fad2b38bd5c6c4ed7ded96a4bab80","devicefingerprint":"dee75a039b0174fdd0a2f040479af55b","cycle":"one-time","amount":11750,"currency":"NGN","chargedamount":11750,"appfee":2164.5,"merchantfee":0,"merchantbearsfee":1,"chargecode":"00","chargemessage":"Please enter the OTP sent to your mobile number 080****** and email te**@rave**.com","authmodel":"PIN","ip":"41.58.88.131","narration":"CARD Transaction ","status":"successful","vbvcode":"00","vbvmessage":"successful","authurl":"N\/A","acctcode":null,"acctmessage":null,"paymenttype":"card","paymentid":"1394","fraudstatus":"ok","chargetype":"normal","createdday":2,"createddayname":"TUESDAY","createdweek":19,"createdmonth":4,"createdmonthname":"MAY","createdquarter":2,"createdyear":2020,"createdyearisleap":true,"createddayispublicholiday":0,"createdhour":22,"createdminute":14,"createdpmam":"pm","created":"2020-05-05T22:14:27.000Z","customerid":375029,"custphone":null,"custnetworkprovider":"N\/A","custname":"OGUNSOLA ADEBAYO","custemail":"ogunsolaactivator@hotmail.com","custemailprovider":"HOTMAIL","custcreated":"2020-05-05T22:14:26.000Z","accountid":107388,"acctbusinessname":"ogunsola","acctcontactperson":"USMAN ADEBAYO OGUNSOLA","acctcountry":"NG","acctbearsfeeattransactiontime":1,"acctparent":2410,"acctvpcmerchant":"N\/A","acctalias":null,"acctisliveapproved":0,"orderref":"URF_1588716867476_7826235","paymentplan":null,"paymentpage":null,"raveref":"RV3158871686630618AE3674A7","amountsettledforthistransaction":9585.5} [] []
[2020-05-05T22:15:13.638415+00:00] flutterwave/rave.NOTICE: Generating Reference Number.... [] []
[2020-05-05T22:15:13.641604+00:00] flutterwave/rave.NOTICE: Generated Reference Number....ogunsola_3636502 [] []
[2020-05-05T22:15:13.641684+00:00] flutterwave/rave.NOTICE: Rave Class Initializes.... [] []
[2020-05-05T22:15:13.641756+00:00] flutterwave/rave.NOTICE: Generating Checksum.... [] []
[2020-05-05T22:15:57.943679+00:00] flutterwave/rave.NOTICE: Generating Reference Number.... [] []
[2020-05-05T22:15:57.947642+00:00] flutterwave/rave.NOTICE: Generated Reference Number....Ogunsola_5eb1e59de759f [] []
[2020-05-05T22:15:57.947769+00:00] flutterwave/rave.NOTICE: Rave Class Initializes.... [] []
[2020-05-05T22:15:57.971987+00:00] flutterwave/rave.NOTICE: Payment completed. Now requerying payment. [] []
[2020-05-05T22:15:57.972178+00:00] flutterwave/rave.NOTICE: Requerying Transaction....ogunsola_3636502 [] []
[2020-05-05T22:15:59.193921+00:00] flutterwave/rave.NOTICE: Requeryed a successful transaction....{"txid":1265566,"txref":"ogunsola_3636502","flwref":"FLW-MOCK-1d6257337417181bd3cca10422178581","devicefingerprint":"dee75a039b0174fdd0a2f040479af55b","cycle":"one-time","amount":11750,"currency":"NGN","chargedamount":11750,"appfee":2164.5,"merchantfee":0,"merchantbearsfee":1,"chargecode":"00","chargemessage":"Please enter the OTP sent to your mobile number 080****** and email te**@rave**.com","authmodel":"PIN","ip":"41.58.88.131","narration":"CARD Transaction ","status":"successful","vbvcode":"00","vbvmessage":"successful","authurl":"N\/A","acctcode":null,"acctmessage":null,"paymenttype":"card","paymentid":"1394","fraudstatus":"ok","chargetype":"normal","createdday":2,"createddayname":"TUESDAY","createdweek":19,"createdmonth":4,"createdmonthname":"MAY","createdquarter":2,"createdyear":2020,"createdyearisleap":true,"createddayispublicholiday":0,"createdhour":22,"createdminute":15,"createdpmam":"pm","created":"2020-05-05T22:15:47.000Z","customerid":375032,"custphone":null,"custnetworkprovider":"N\/A","custname":"OGUNSOLA ADEBAYO","custemail":"ogunsolaactivator@hotmail.com","custemailprovider":"HOTMAIL","custcreated":"2020-05-05T22:15:46.000Z","accountid":107388,"acctbusinessname":"ogunsola","acctcontactperson":"USMAN ADEBAYO OGUNSOLA","acctcountry":"NG","acctbearsfeeattransactiontime":1,"acctparent":2410,"acctvpcmerchant":"N\/A","acctalias":null,"acctisliveapproved":0,"orderref":"URF_1588716947651_5141735","paymentplan":null,"paymentpage":null,"raveref":"RV31588716946339A22E2C076D","amountsettledforthistransaction":9585.5} [] []
[2020-05-05T22:17:19.516018+00:00] flutterwave/rave.NOTICE: Generating Reference Number.... [] []
[2020-05-05T22:17:19.522453+00:00] flutterwave/rave.NOTICE: Generated Reference Number....ogunsola_3515612 [] []
[2020-05-05T22:17:19.522535+00:00] flutterwave/rave.NOTICE: Rave Class Initializes.... [] []
[2020-05-05T22:17:19.522673+00:00] flutterwave/rave.NOTICE: Generating Checksum.... [] []
[2020-05-05T22:18:03.788858+00:00] flutterwave/rave.NOTICE: Generating Reference Number.... [] []
[2020-05-05T22:18:03.795440+00:00] flutterwave/rave.NOTICE: Generated Reference Number....Ogunsola_5eb1e61bc230e [] []
[2020-05-05T22:18:03.795602+00:00] flutterwave/rave.NOTICE: Rave Class Initializes.... [] []
[2020-05-05T22:18:03.862084+00:00] flutterwave/rave.NOTICE: Payment completed. Now requerying payment. [] []
[2020-05-05T22:18:03.862308+00:00] flutterwave/rave.NOTICE: Requerying Transaction....ogunsola_3515612 [] []
[2020-05-05T22:18:05.777976+00:00] flutterwave/rave.NOTICE: Requeryed a successful transaction....{"txid":1265570,"txref":"ogunsola_3515612","flwref":"FLW-MOCK-6039de49a184fbfc577b7c7e6ebe85e6","devicefingerprint":"dee75a039b0174fdd0a2f040479af55b","cycle":"one-time","amount":11750,"currency":"NGN","chargedamount":11750,"appfee":2164.5,"merchantfee":0,"merchantbearsfee":1,"chargecode":"00","chargemessage":"Please enter the OTP sent to your mobile number 080****** and email te**@rave**.com","authmodel":"PIN","ip":"41.58.88.131","narration":"CARD Transaction ","status":"successful","vbvcode":"00","vbvmessage":"successful","authurl":"N\/A","acctcode":null,"acctmessage":null,"paymenttype":"card","paymentid":"1394","fraudstatus":"ok","chargetype":"normal","createdday":2,"createddayname":"TUESDAY","createdweek":19,"createdmonth":4,"createdmonthname":"MAY","createdquarter":2,"createdyear":2020,"createdyearisleap":true,"createddayispublicholiday":0,"createdhour":22,"createdminute":17,"createdpmam":"pm","created":"2020-05-05T22:17:52.000Z","customerid":375035,"custphone":null,"custnetworkprovider":"N\/A","custname":"OGUNSOLA ADEBAYO","custemail":"ogunsolaactivator@hotmail.com","custemailprovider":"HOTMAIL","custcreated":"2020-05-05T22:17:52.000Z","accountid":107388,"acctbusinessname":"ogunsola","acctcontactperson":"USMAN ADEBAYO OGUNSOLA","acctcountry":"NG","acctbearsfeeattransactiontime":1,"acctparent":2410,"acctvpcmerchant":"N\/A","acctalias":null,"acctisliveapproved":0,"orderref":"URF_1588717072901_6757235","paymentplan":null,"paymentpage":null,"raveref":"RV31588717071729CD13E80C4C","amountsettledforthistransaction":9585.5} [] []
[2020-05-05T22:18:53.509705+00:00] flutterwave/rave.NOTICE: Generating Reference Number.... [] []
[2020-05-05T22:18:53.512867+00:00] flutterwave/rave.NOTICE: Generated Reference Number....ogunsola_1225005 [] []
[2020-05-05T22:18:53.512952+00:00] flutterwave/rave.NOTICE: Rave Class Initializes.... [] []
[2020-05-05T22:18:53.513026+00:00] flutterwave/rave.NOTICE: Generating Checksum.... [] []
[2020-05-05T22:19:35.110000+00:00] flutterwave/rave.NOTICE: Generating Reference Number.... [] []
[2020-05-05T22:19:35.113301+00:00] flutterwave/rave.NOTICE: Generated Reference Number....Ogunsola_5eb1e6771ba5b [] []
[2020-05-05T22:19:35.113422+00:00] flutterwave/rave.NOTICE: Rave Class Initializes.... [] []
[2020-05-05T22:19:35.137827+00:00] flutterwave/rave.NOTICE: Payment completed. Now requerying payment. [] []
[2020-05-05T22:19:35.137950+00:00] flutterwave/rave.NOTICE: Requerying Transaction....ogunsola_1225005 [] []
[2020-05-05T22:19:36.720147+00:00] flutterwave/rave.NOTICE: Requeryed a successful transaction....{"txid":1265572,"txref":"ogunsola_1225005","flwref":"FLW-MOCK-748908ebb6a9b66b8e5d97faf6625384","devicefingerprint":"dee75a039b0174fdd0a2f040479af55b","cycle":"one-time","amount":10,"currency":"NGN","chargedamount":10,"appfee":0.28,"merchantfee":0,"merchantbearsfee":1,"chargecode":"00","chargemessage":"Please enter the OTP sent to your mobile number 080****** and email te**@rave**.com","authmodel":"PIN","ip":"41.58.88.131","narration":"CARD Transaction ","status":"successful","vbvcode":"00","vbvmessage":"successful","authurl":"N\/A","acctcode":null,"acctmessage":null,"paymenttype":"card","paymentid":"1394","fraudstatus":"ok","chargetype":"normal","createdday":2,"createddayname":"TUESDAY","createdweek":19,"createdmonth":4,"createdmonthname":"MAY","createdquarter":2,"createdyear":2020,"createdyearisleap":true,"createddayispublicholiday":0,"createdhour":22,"createdminute":19,"createdpmam":"pm","created":"2020-05-05T22:19:23.000Z","customerid":375037,"custphone":null,"custnetworkprovider":"N\/A","custname":"OGUNSOLA ADEBAYO","custemail":"ogunsolaactivator@hotmail.com","custemailprovider":"HOTMAIL","custcreated":"2020-05-05T22:19:23.000Z","accountid":107388,"acctbusinessname":"ogunsola","acctcontactperson":"USMAN ADEBAYO OGUNSOLA","acctcountry":"NG","acctbearsfeeattransactiontime":1,"acctparent":2410,"acctvpcmerchant":"N\/A","acctalias":null,"acctisliveapproved":0,"orderref":"URF_1588717163966_548735","paymentplan":null,"paymentpage":null,"raveref":"RV31588717162707067ADFA86E","amountsettledforthistransaction":9.72} [] []
[2020-05-05T22:20:50.737677+00:00] flutterwave/rave.NOTICE: Generating Reference Number.... [] []
[2020-05-05T22:20:50.792507+00:00] flutterwave/rave.NOTICE: Generated Reference Number....ogunsola_5003240 [] []
[2020-05-05T22:20:50.792635+00:00] flutterwave/rave.NOTICE: Rave Class Initializes.... [] []
[2020-05-05T22:20:50.792744+00:00] flutterwave/rave.NOTICE: Generating Checksum.... [] []
[2020-05-05T22:21:33.085118+00:00] flutterwave/rave.NOTICE: Generating Reference Number.... [] []
[2020-05-05T22:21:33.089641+00:00] flutterwave/rave.NOTICE: Generated Reference Number....Ogunsola_5eb1e6ed15e13 [] []
[2020-05-05T22:21:33.089726+00:00] flutterwave/rave.NOTICE: Rave Class Initializes.... [] []
[2020-05-05T22:21:33.112588+00:00] flutterwave/rave.NOTICE: Payment completed. Now requerying payment. [] []
[2020-05-05T22:21:33.112816+00:00] flutterwave/rave.NOTICE: Requerying Transaction....ogunsola_5003240 [] []
[2020-05-05T22:21:38.216155+00:00] flutterwave/rave.NOTICE: Requeryed a successful transaction....{"txid":1265575,"txref":"ogunsola_5003240","flwref":"FLW-MOCK-77d0305919358b5dc16eb0d766804b35","devicefingerprint":"dee75a039b0174fdd0a2f040479af55b","cycle":"one-time","amount":10,"currency":"NGN","chargedamount":10,"appfee":0.28,"merchantfee":0,"merchantbearsfee":1,"chargecode":"00","chargemessage":"Please enter the OTP sent to your mobile number 080****** and email te**@rave**.com","authmodel":"PIN","ip":"41.58.88.131","narration":"CARD Transaction ","status":"successful","vbvcode":"00","vbvmessage":"successful","authurl":"N\/A","acctcode":null,"acctmessage":null,"paymenttype":"card","paymentid":"1394","fraudstatus":"ok","chargetype":"normal","createdday":2,"createddayname":"TUESDAY","createdweek":19,"createdmonth":4,"createdmonthname":"MAY","createdquarter":2,"createdyear":2020,"createdyearisleap":true,"createddayispublicholiday":0,"createdhour":22,"createdminute":21,"createdpmam":"pm","created":"2020-05-05T22:21:22.000Z","customerid":375039,"custphone":null,"custnetworkprovider":"N\/A","custname":"OGUNSOLA ADEBAYO","custemail":"ogunsolaactivator@hotmail.com","custemailprovider":"HOTMAIL","custcreated":"2020-05-05T22:21:21.000Z","accountid":107388,"acctbusinessname":"ogunsola","acctcontactperson":"USMAN ADEBAYO OGUNSOLA","acctcountry":"NG","acctbearsfeeattransactiontime":1,"acctparent":2410,"acctvpcmerchant":"N\/A","acctalias":null,"acctisliveapproved":0,"orderref":"URF_1588717282120_7440235","paymentplan":null,"paymentpage":null,"raveref":"RV31588717281023F9660B3B24","amountsettledforthistransaction":9.72} [] []
[2020-05-05T22:27:56.072678+00:00] flutterwave/rave.NOTICE: Generating Reference Number.... [] []
[2020-05-05T22:27:56.078815+00:00] flutterwave/rave.NOTICE: Generated Reference Number....ogunsola_4625040 [] []
[2020-05-05T22:27:56.078927+00:00] flutterwave/rave.NOTICE: Rave Class Initializes.... [] []
[2020-05-05T22:27:56.079006+00:00] flutterwave/rave.NOTICE: Generating Checksum.... [] []
[2020-05-05T22:28:49.478965+00:00] flutterwave/rave.NOTICE: Generating Reference Number.... [] []
[2020-05-05T22:28:49.484573+00:00] flutterwave/rave.NOTICE: Generated Reference Number....ogunsola_0063545 [] []
[2020-05-05T22:28:49.484719+00:00] flutterwave/rave.NOTICE: Rave Class Initializes.... [] []
[2020-05-05T22:28:49.484853+00:00] flutterwave/rave.NOTICE: Generating Checksum.... [] []
